This is pdfTeX, Version 3.1415926-1.40.10 (MiKTeX 2.8) (preloaded format=pdflatex 2011.1.24)  2 SEP 2014 12:18
entering extended mode
**C:/GitHub/BidanThesis/myThesis_01.tex
(C:/GitHub/BidanThesis/myThesis_01.tex
LaTeX2e <2009/09/24>
Babel <v3.8l> and hyphenation patterns for english, dumylang, nohyphenation, ge
rman, ngerman, german-x-2009-06-19, ngerman-x-2009-06-19, french, loaded.
("C:\Program Files (x86)\MiKTeX 2.8\tex\latex\base\report.cls"
Document Class: report 2007/10/19 v1.4h Standard LaTeX document class
("C:\Program Files (x86)\MiKTeX 2.8\tex\latex\base\size11.clo"
File: size11.clo 2007/10/19 v1.4h Standard LaTeX file (size option)
)
\c@part=\count79
\c@chapter=\count80
\c@section=\count81
\c@subsection=\count82
\c@subsubsection=\count83
\c@paragraph=\count84
\c@subparagraph=\count85
\c@figure=\count86
\c@table=\count87
\abovecaptionskip=\skip41
\belowcaptionskip=\skip42
\bibindent=\dimen102
)
(C:\GitHub\BidanThesis\baththesis.sty
Package: baththesis 

("C:\Program Files (x86)\MiKTeX 2.8\tex\latex\setspace\setspace.sty"
Package: setspace 2000/12/01 6.7 Contributed and Supported LaTeX2e package

Package: `setspace' 6.7 <2000/12/01>
)) ("C:\Program Files (x86)\MiKTeX 2.8\tex\latex\amsfonts\amssymb.sty"
Package: amssymb 2009/06/22 v3.00

("C:\Program Files (x86)\MiKTeX 2.8\tex\latex\amsfonts\amsfonts.sty"
Package: amsfonts 2009/06/22 v3.00 Basic AMSFonts support
\@emptytoks=\toks14
\symAMSa=\mathgroup4
\symAMSb=\mathgroup5
LaTeX Font Info:    Overwriting math alphabet `\mathfrak' in version `bold'
(Font)                  U/euf/m/n --> U/euf/b/n on input line 96.
))
("C:\Program Files (x86)\MiKTeX 2.8\tex\latex\graphics\graphics.sty"
Package: graphics 2009/02/05 v1.0o Standard LaTeX Graphics (DPC,SPQR)

("C:\Program Files (x86)\MiKTeX 2.8\tex\latex\graphics\trig.sty"
Package: trig 1999/03/16 v1.09 sin cos tan (DPC)
)
("C:\Program Files (x86)\MiKTeX 2.8\tex\latex\00miktex\graphics.cfg"
File: graphics.cfg 2007/01/18 v1.5 graphics configuration of teTeX/TeXLive
)
Package graphics Info: Driver file: pdftex.def on input line 91.

("C:\Program Files (x86)\MiKTeX 2.8\tex\latex\pdftex-def\pdftex.def"
File: pdftex.def 2010/02/14 v0.04n Graphics/color for pdfTeX
\Gread@gobject=\count88
))
("C:\Program Files (x86)\MiKTeX 2.8\tex\latex\caption\caption.sty"
Package: caption 2010/01/09 v3.1m Customizing captions (AR)

("C:\Program Files (x86)\MiKTeX 2.8\tex\latex\caption\caption3.sty"
Package: caption3 2010/01/14 v3.1m caption3 kernel (AR)

("C:\Program Files (x86)\MiKTeX 2.8\tex\latex\graphics\keyval.sty"
Package: keyval 1999/03/16 v1.13 key=value parser (DPC)
\KV@toks@=\toks15
)
\captionmargin=\dimen103
\captionmargin@=\dimen104
\captionwidth=\dimen105
\caption@indent=\dimen106
\caption@parindent=\dimen107
\caption@hangindent=\dimen108
)
\c@ContinuedFloat=\count89
)
("C:\Program Files (x86)\MiKTeX 2.8\tex\latex\slashbox\slashbox.sty"
slashbox style by K.Yasuoka, May 1993.
\@slashboxa=\box26
\@slashboxb=\box27
\@slashboxc=\box28
\@slashboxwd=\count90
\@slashboxht=\count91
\@slashsepl=\dimen109
\@slashsepr=\dimen110
) ("C:\Program Files (x86)\MiKTeX 2.8\tex\latex\graphics\epsfig.sty"
Package: epsfig 1999/02/16 v1.7a (e)psfig emulation (SPQR)

("C:\Program Files (x86)\MiKTeX 2.8\tex\latex\graphics\graphicx.sty"
Package: graphicx 1999/02/16 v1.0f Enhanced LaTeX Graphics (DPC,SPQR)
\Gin@req@height=\dimen111
\Gin@req@width=\dimen112
)
\epsfxsize=\dimen113
\epsfysize=\dimen114
)
("C:\Program Files (x86)\MiKTeX 2.8\tex\latex\oberdiek\epstopdf.sty"
Package: epstopdf 2010/02/09 v2.5 Conversion with epstopdf on the fly (HO)

("C:\Program Files (x86)\MiKTeX 2.8\tex\latex\oberdiek\epstopdf-base.sty"
Package: epstopdf-base 2010/02/09 v2.5 Base part for package epstopdf

("C:\Program Files (x86)\MiKTeX 2.8\tex\generic\oberdiek\infwarerr.sty"
Package: infwarerr 2010/04/08 v1.3 Providing info/warning/message (HO)
)
("C:\Program Files (x86)\MiKTeX 2.8\tex\latex\oberdiek\grfext.sty"
Package: grfext 2007/09/30 v1.0 Managing graphics extensions (HO)
)
("C:\Program Files (x86)\MiKTeX 2.8\tex\latex\oberdiek\kvoptions.sty"
Package: kvoptions 2010/02/22 v3.7 Keyval support for LaTeX options (HO)

("C:\Program Files (x86)\MiKTeX 2.8\tex\generic\oberdiek\kvsetkeys.sty"
Package: kvsetkeys 2010/03/01 v1.9 Key value parser (HO)

("C:\Program Files (x86)\MiKTeX 2.8\tex\generic\oberdiek\etexcmds.sty"
Package: etexcmds 2010/01/28 v1.3 Prefix for e-TeX command names (HO)
Package etexcmds Info: Could not find \expanded.
(etexcmds)             That can mean that you are not using pdfTeX 1.50 or
(etexcmds)             that some package has redefined \expanded.
(etexcmds)             In the latter case, load this package earlier.
)))
("C:\Program Files (x86)\MiKTeX 2.8\tex\generic\oberdiek\pdftexcmds.sty"
Package: pdftexcmds 2010/04/01 v0.9 Utility functions of pdfTeX for LuaTeX (HO)


("C:\Program Files (x86)\MiKTeX 2.8\tex\generic\oberdiek\ifluatex.sty"
Package: ifluatex 2010/03/01 v1.3 Provides the ifluatex switch (HO)
Package ifluatex Info: LuaTeX not detected.
)
("C:\Program Files (x86)\MiKTeX 2.8\tex\generic\oberdiek\ltxcmds.sty"
Package: ltxcmds 2010/04/26 v1.7 LaTeX kernel commands for general use (HO)
)
Package pdftexcmds Info: LuaTeX not detected.
Package pdftexcmds Info: \pdf@primitive is available.
Package pdftexcmds Info: \pdf@ifprimitive is available.
)
Package grfext Info: Graphics extension search list:
(grfext)             [.png,.pdf,.jpg,.mps,.jpeg,.jbig2,.jb2,.PNG,.PDF,.JPG,.JPE
G,.JBIG2,.JB2,.eps]
(grfext)             \AppendGraphicsExtensions on input line 436.
))
("C:\Program Files (x86)\MiKTeX 2.8\tex\latex\subfig\subfig.sty"
Package: subfig 2005/06/28 ver: 1.3 subfig package
\c@KVtest=\count92
\sf@farskip=\skip43
\sf@captopadj=\dimen115
\sf@capskip=\skip44
\sf@nearskip=\skip45
\c@subfigure=\count93
\c@subfigure@save=\count94
\c@lofdepth=\count95
\c@subtable=\count96
\c@subtable@save=\count97
\c@lotdepth=\count98
\sf@top=\skip46
\sf@bottom=\skip47
)
("C:\Program Files (x86)\MiKTeX 2.8\tex\latex\psnfss\mathptmx.sty"
Package: mathptmx 2005/04/12 PSNFSS-v9.2a Times w/ Math, improved (SPQR, WaS) 
LaTeX Font Info:    Redeclaring symbol font `operators' on input line 28.
LaTeX Font Info:    Overwriting symbol font `operators' in version `normal'
(Font)                  OT1/cmr/m/n --> OT1/ztmcm/m/n on input line 28.
LaTeX Font Info:    Overwriting symbol font `operators' in version `bold'
(Font)                  OT1/cmr/bx/n --> OT1/ztmcm/m/n on input line 28.
LaTeX Font Info:    Redeclaring symbol font `letters' on input line 29.
LaTeX Font Info:    Overwriting symbol font `letters' in version `normal'
(Font)                  OML/cmm/m/it --> OML/ztmcm/m/it on input line 29.
LaTeX Font Info:    Overwriting symbol font `letters' in version `bold'
(Font)                  OML/cmm/b/it --> OML/ztmcm/m/it on input line 29.
LaTeX Font Info:    Redeclaring symbol font `symbols' on input line 30.
LaTeX Font Info:    Overwriting symbol font `symbols' in version `normal'
(Font)                  OMS/cmsy/m/n --> OMS/ztmcm/m/n on input line 30.
LaTeX Font Info:    Overwriting symbol font `symbols' in version `bold'
(Font)                  OMS/cmsy/b/n --> OMS/ztmcm/m/n on input line 30.
LaTeX Font Info:    Redeclaring symbol font `largesymbols' on input line 31.
LaTeX Font Info:    Overwriting symbol font `largesymbols' in version `normal'
(Font)                  OMX/cmex/m/n --> OMX/ztmcm/m/n on input line 31.
LaTeX Font Info:    Overwriting symbol font `largesymbols' in version `bold'
(Font)                  OMX/cmex/m/n --> OMX/ztmcm/m/n on input line 31.
\symbold=\mathgroup6
\symitalic=\mathgroup7
LaTeX Font Info:    Redeclaring math alphabet \mathbf on input line 34.
LaTeX Font Info:    Overwriting math alphabet `\mathbf' in version `normal'
(Font)                  OT1/cmr/bx/n --> OT1/ptm/bx/n on input line 34.
LaTeX Font Info:    Overwriting math alphabet `\mathbf' in version `bold'
(Font)                  OT1/cmr/bx/n --> OT1/ptm/bx/n on input line 34.
LaTeX Font Info:    Redeclaring math alphabet \mathit on input line 35.
LaTeX Font Info:    Overwriting math alphabet `\mathit' in version `normal'
(Font)                  OT1/cmr/m/it --> OT1/ptm/m/it on input line 35.
LaTeX Font Info:    Overwriting math alphabet `\mathit' in version `bold'
(Font)                  OT1/cmr/bx/it --> OT1/ptm/m/it on input line 35.
LaTeX Info: Redefining \hbar on input line 50.
)
("C:\Program Files (x86)\MiKTeX 2.8\tex\latex\ams\math\amsmath.sty"
Package: amsmath 2000/07/18 v2.13 AMS math features
\@mathmargin=\skip48

For additional information on amsmath, use the `?' option.
("C:\Program Files (x86)\MiKTeX 2.8\tex\latex\ams\math\amstext.sty"
Package: amstext 2000/06/29 v2.01

("C:\Program Files (x86)\MiKTeX 2.8\tex\latex\ams\math\amsgen.sty"
File: amsgen.sty 1999/11/30 v2.0
\@emptytoks=\toks16
\ex@=\dimen116
))
("C:\Program Files (x86)\MiKTeX 2.8\tex\latex\ams\math\amsbsy.sty"
Package: amsbsy 1999/11/29 v1.2d
\pmbraise@=\dimen117
)
("C:\Program Files (x86)\MiKTeX 2.8\tex\latex\ams\math\amsopn.sty"
Package: amsopn 1999/12/14 v2.01 operator names
)
\inf@bad=\count99
LaTeX Info: Redefining \frac on input line 211.
\uproot@=\count100
\leftroot@=\count101
LaTeX Info: Redefining \overline on input line 307.
\classnum@=\count102
\DOTSCASE@=\count103
LaTeX Info: Redefining \ldots on input line 379.
LaTeX Info: Redefining \dots on input line 382.
LaTeX Info: Redefining \cdots on input line 467.
\Mathstrutbox@=\box29
\strutbox@=\box30
\big@size=\dimen118
LaTeX Font Info:    Redeclaring font encoding OML on input line 567.
LaTeX Font Info:    Redeclaring font encoding OMS on input line 568.
\macc@depth=\count104
\c@MaxMatrixCols=\count105
\dotsspace@=\muskip10
\c@parentequation=\count106
\dspbrk@lvl=\count107
\tag@help=\toks17
\row@=\count108
\column@=\count109
\maxfields@=\count110
\andhelp@=\toks18
\eqnshift@=\dimen119
\alignsep@=\dimen120
\tagshift@=\dimen121
\tagwidth@=\dimen122
\totwidth@=\dimen123
\lineht@=\dimen124
\@envbody=\toks19
\multlinegap=\skip49
\multlinetaggap=\skip50
\mathdisplay@stack=\toks20
LaTeX Info: Redefining \[ on input line 2666.
LaTeX Info: Redefining \] on input line 2667.
)
("C:\Program Files (x86)\MiKTeX 2.8\tex\latex\tools\array.sty"
Package: array 2008/09/09 v2.4c Tabular extension package (FMi)
\col@sep=\dimen125
\extrarowheight=\dimen126
\NC@list=\toks21
\extratabsurround=\skip51
\backup@length=\skip52
)
("C:\Program Files (x86)\MiKTeX 2.8\tex\latex\tools\bm.sty"
Package: bm 2004/02/26 v1.1c Bold Symbol Support (DPC/FMi)
LaTeX Info: Redefining \bm on input line 204.
)
("C:\Program Files (x86)\MiKTeX 2.8\tex\latex\multirow\multirow.sty"
\bigstrutjot=\dimen127
)
("C:\Program Files (x86)\MiKTeX 2.8\tex\latex\graphics\color.sty"
Package: color 2005/11/14 v1.0j Standard LaTeX Color (DPC)

("C:\Program Files (x86)\MiKTeX 2.8\tex\latex\00miktex\color.cfg"
File: color.cfg 2007/01/18 v1.5 color configuration of teTeX/TeXLive
)
Package color Info: Driver file: pdftex.def on input line 130.
)
("C:\Program Files (x86)\MiKTeX 2.8\tex\latex\pbox\pbox.sty"
Package: pbox 2003/04/06 v1.0 Dynamic parboxes

("C:\Program Files (x86)\MiKTeX 2.8\tex\latex\tools\calc.sty"
Package: calc 2007/08/22 v4.3 Infix arithmetic (KKT,FJ)
\calc@Acount=\count111
\calc@Bcount=\count112
\calc@Adimen=\dimen128
\calc@Bdimen=\dimen129
\calc@Askip=\skip53
\calc@Bskip=\skip54
LaTeX Info: Redefining \setlength on input line 76.
LaTeX Info: Redefining \addtolength on input line 77.
\calc@Ccount=\count113
\calc@Cskip=\skip55
)
("C:\Program Files (x86)\MiKTeX 2.8\tex\latex\base\ifthen.sty"
Package: ifthen 2001/05/26 v1.1c Standard LaTeX ifthen package (DPC)
)
\pb@xlen=\skip56
)
("C:\Program Files (x86)\MiKTeX 2.8\tex\latex\hyperref\hyperref.sty"
Package: hyperref 2010/06/18 v6.81g Hypertext links for LaTeX

("C:\Program Files (x86)\MiKTeX 2.8\tex\generic\oberdiek\pdfescape.sty"
Package: pdfescape 2010/03/01 v1.9 Provides hex, PDF name and string conversion
s (HO)
)
("C:\Program Files (x86)\MiKTeX 2.8\tex\generic\oberdiek\ifpdf.sty"
Package: ifpdf 2010/01/28 v2.1 Provides the ifpdf switch (HO)
Package ifpdf Info: pdfTeX in pdf mode detected.
)
("C:\Program Files (x86)\MiKTeX 2.8\tex\generic\oberdiek\ifvtex.sty"
Package: ifvtex 2010/03/01 v1.5 Switches for detecting VTeX and its modes (HO)
Package ifvtex Info: VTeX not detected.
)
("C:\Program Files (x86)\MiKTeX 2.8\tex\latex\ifxetex\ifxetex.sty"
Package: ifxetex 2009/01/23 v0.5 Provides ifxetex conditional
)
("C:\Program Files (x86)\MiKTeX 2.8\tex\latex\oberdiek\hycolor.sty"
Package: hycolor 2009/12/12 v1.6 Color options of hyperref/bookmark (HO)

("C:\Program Files (x86)\MiKTeX 2.8\tex\latex\oberdiek\xcolor-patch.sty"
Package: xcolor-patch 2009/12/12 xcolor patch
))
("C:\Program Files (x86)\MiKTeX 2.8\tex\latex\oberdiek\letltxmacro.sty"
Package: letltxmacro 2008/06/24 v1.3 Let assignment for LaTeX macros (HO)
)
\@linkdim=\dimen130
\Hy@linkcounter=\count114
\Hy@pagecounter=\count115

("C:\Program Files (x86)\MiKTeX 2.8\tex\latex\hyperref\pd1enc.def"
File: pd1enc.def 2010/06/18 v6.81g Hyperref: PDFDocEncoding definition (HO)
)
("C:\Program Files (x86)\MiKTeX 2.8\tex\generic\oberdiek\intcalc.sty"
Package: intcalc 2007/09/27 v1.1 Expandable integer calculations (HO)
)
("C:\Program Files (x86)\MiKTeX 2.8\tex\latex\00miktex\hyperref.cfg"
File: hyperref.cfg 2002/06/06 v1.2 hyperref configuration of TeXLive
)
Package hyperref Info: Hyper figures OFF on input line 3658.
Package hyperref Info: Link nesting OFF on input line 3663.
Package hyperref Info: Hyper index ON on input line 3666.
Package hyperref Info: Plain pages OFF on input line 3673.
Package hyperref Info: Backreferencing OFF on input line 3678.

Implicit mode ON; LaTeX internals redefined
Package hyperref Info: Bookmarks ON on input line 3874.
("C:\Program Files (x86)\MiKTeX 2.8\tex\latex\ltxmisc\url.sty"
\Urlmuskip=\muskip11
Package: url 2006/04/12  ver 3.3  Verb mode for urls, etc.
)
LaTeX Info: Redefining \url on input line 4159.

("C:\Program Files (x86)\MiKTeX 2.8\tex\generic\oberdiek\bitset.sty"
Package: bitset 2007/09/28 v1.0 Data type bit set (HO)

("C:\Program Files (x86)\MiKTeX 2.8\tex\generic\oberdiek\bigintcalc.sty"
Package: bigintcalc 2007/11/11 v1.1 Expandable big integer calculations (HO)
))
\Fld@menulength=\count116
\Field@Width=\dimen131
\Fld@charsize=\dimen132
\Field@toks=\toks22
Package hyperref Info: Hyper figures OFF on input line 5137.
Package hyperref Info: Link nesting OFF on input line 5142.
Package hyperref Info: Hyper index ON on input line 5145.
Package hyperref Info: backreferencing OFF on input line 5152.
Package hyperref Info: Link coloring OFF on input line 5157.
Package hyperref Info: Link coloring with OCG OFF on input line 5162.
Package hyperref Info: PDF/A mode OFF on input line 5167.
LaTeX Info: Redefining \ref on input line 5207.
LaTeX Info: Redefining \pageref on input line 5211.

("C:\Program Files (x86)\MiKTeX 2.8\tex\generic\oberdiek\atbegshi.sty"
Package: atbegshi 2010/03/25 v1.12 At begin shipout hook (HO)
)
\Hy@abspage=\count117
\c@Item=\count118
\c@Hfootnote=\count119
)
* hyperref using default driver hpdftex *
("C:\Program Files (x86)\MiKTeX 2.8\tex\latex\hyperref\hpdftex.def"
File: hpdftex.def 2010/06/18 v6.81g Hyperref driver for pdfTeX

("C:\Program Files (x86)\MiKTeX 2.8\tex\latex\oberdiek\atveryend.sty"
Package: atveryend 2010/03/24 v1.5 Hooks at very end of document (HO)
Package atveryend Info: \enddocument detected (standard).
)
\Fld@listcount=\count120
\c@bookmark@seq@number=\count121

("C:\Program Files (x86)\MiKTeX 2.8\tex\latex\oberdiek\rerunfilecheck.sty"
Package: rerunfilecheck 2010/03/16 v1.6 Rerun checks for auxiliary files (HO)

("C:\Program Files (x86)\MiKTeX 2.8\tex\generic\oberdiek\uniquecounter.sty"
Package: uniquecounter 2009/12/18 v1.1 Provides unlimited unique counter (HO)
)
Package uniquecounter Info: New unique counter `rerunfilecheck' on input line 2
71.
)
\Hy@SectionHShift=\skip57
)
("C:\Program Files (x86)\MiKTeX 2.8\tex\latex\algorithms\algorithm.sty"
Package: algorithm 2009/08/24 v0.1 Document Style `algorithm' - floating enviro
nment

("C:\Program Files (x86)\MiKTeX 2.8\tex\latex\float\float.sty"
Package: float 2001/11/08 v1.3d Float enhancements (AL)
\c@float@type=\count122
\float@exts=\toks23
\float@box=\box31
\@float@everytoks=\toks24
\@floatcapt=\box32
)
\@float@every@algorithm=\toks25
\c@algorithm=\count123
)
("C:\Program Files (x86)\MiKTeX 2.8\tex\latex\algorithmicx\algpseudocode.sty"
Package: algpseudocode 

("C:\Program Files (x86)\MiKTeX 2.8\tex\latex\algorithmicx\algorithmicx.sty"
Package: algorithmicx 2005/04/27 v1.2 Algorithmicx

Document Style algorithmicx 1.2 - a greatly improved `algorithmic' style
\c@ALG@line=\count124
\c@ALG@rem=\count125
\c@ALG@nested=\count126
\ALG@tlm=\skip58
\ALG@thistlm=\skip59
\c@ALG@Lnr=\count127
\c@ALG@blocknr=\count128
\c@ALG@storecount=\count129
\c@ALG@tmpcounter=\count130
\ALG@tmplength=\skip60
)
Document Style - pseudocode environments for use with the `algorithmicx' style
) ("C:\Program Files (x86)\MiKTeX 2.8\tex\latex\natbib\natbib.sty"
Package: natbib 2009/11/07 8.31a (PWD, AO)
\bibhang=\skip61
\bibsep=\skip62
LaTeX Info: Redefining \cite on input line 694.
\c@NAT@ctr=\count131
)
("C:\Program Files (x86)\MiKTeX 2.8\tex\latex\titlesec\titlesec.sty"
Package: titlesec 2007/08/12 v2.8 Sectioning titles
\ttl@box=\box33
\beforetitleunit=\skip63
\aftertitleunit=\skip64
\ttl@plus=\dimen133
\ttl@minus=\dimen134
\ttl@toksa=\toks26
\titlewidth=\dimen135
\titlewidthlast=\dimen136
\titlewidthfirst=\dimen137
)
(C:\GitHub\BidanThesis\myThesis_01.aux

LaTeX Warning: Label `quality' multiply defined.


LaTeX Warning: Label `fig:reachableSamplesPos' multiply defined.


LaTeX Warning: Label `sub@fig:reachableSamplesPos' multiply defined.


LaTeX Warning: Label `fig:reachableModelPos' multiply defined.


LaTeX Warning: Label `sub@fig:reachableModelPos' multiply defined.


LaTeX Warning: Label `fig:reachableSamplesPos' multiply defined.


LaTeX Warning: Label `sub@fig:reachableSamplesPos' multiply defined.


LaTeX Warning: Label `fig:reachableSamplesPos' multiply defined.


LaTeX Warning: Label `sub@fig:reachableSamplesPos' multiply defined.


LaTeX Warning: Label `fig:reachableModelPos' multiply defined.


LaTeX Warning: Label `sub@fig:reachableModelPos' multiply defined.


LaTeX Warning: Label `fig:reachableSamplesPos' multiply defined.


LaTeX Warning: Label `sub@fig:reachableSamplesPos' multiply defined.


LaTeX Warning: Label `fig:reachableSamplesPos' multiply defined.


LaTeX Warning: Label `sub@fig:reachableSamplesPos' multiply defined.


LaTeX Warning: Label `fig:reachableModelPos' multiply defined.


LaTeX Warning: Label `sub@fig:reachableModelPos' multiply defined.


LaTeX Warning: Label `fig:reachableModelPos' multiply defined.


LaTeX Warning: Label `sub@fig:reachableModelPos' multiply defined.


LaTeX Warning: Label `fig:reachableModelPos' multiply defined.


LaTeX Warning: Label `sub@fig:reachableModelPos' multiply defined.


LaTeX Warning: Label `fig:reachableSamplesPos' multiply defined.


LaTeX Warning: Label `sub@fig:reachableSamplesPos' multiply defined.


LaTeX Warning: Label `fig:reachableSamplesPos' multiply defined.


LaTeX Warning: Label `sub@fig:reachableSamplesPos' multiply defined.

(C:\GitHub\BidanThesis\includes/cha5_sec2_method.aux)
(C:\GitHub\BidanThesis\includes/cha5_sec3_experiment.aux

LaTeX Warning: Label `graspdemo2' multiply defined.

) (C:\GitHub\BidanThesis\includes/cha5_sec4_discussion.aux))
LaTeX Font Info:    Checking defaults for OML/cmm/m/it on input line 41.
LaTeX Font Info:    ... okay on input line 41.
LaTeX Font Info:    Checking defaults for T1/cmr/m/n on input line 41.
LaTeX Font Info:    ... okay on input line 41.
LaTeX Font Info:    Checking defaults for OT1/cmr/m/n on input line 41.
LaTeX Font Info:    ... okay on input line 41.
LaTeX Font Info:    Checking defaults for OMS/cmsy/m/n on input line 41.
LaTeX Font Info:    ... okay on input line 41.
LaTeX Font Info:    Checking defaults for OMX/cmex/m/n on input line 41.
LaTeX Font Info:    ... okay on input line 41.
LaTeX Font Info:    Checking defaults for U/cmr/m/n on input line 41.
LaTeX Font Info:    ... okay on input line 41.
LaTeX Font Info:    Checking defaults for PD1/pdf/m/n on input line 41.
LaTeX Font Info:    ... okay on input line 41.
LaTeX Font Info:    Try loading font information for OT1+ptm on input line 41.

("C:\Program Files (x86)\MiKTeX 2.8\tex\latex\psnfss\ot1ptm.fd"
File: ot1ptm.fd 2001/06/04 font definitions for OT1/ptm.
)
("C:\Program Files (x86)\MiKTeX 2.8\tex\context\base\supp-pdf.tex"
[Loading MPS to PDF converter (version 2006.09.02).]
\scratchcounter=\count132
\scratchdimen=\dimen138
\scratchbox=\box34
\nofMPsegments=\count133
\nofMParguments=\count134
\everyMPshowfont=\toks27
\MPscratchCnt=\count135
\MPscratchDim=\dimen139
\MPnumerator=\count136
\everyMPtoPDFconversion=\toks28
)
Package caption Info: Begin \AtBeginDocument code.
Package caption3 Info: subfig package 1.2 or 1.3 is loaded.
LaTeX Info: Redefining \subref on input line 41.
Package caption Info: float package is loaded.
Package caption Info: hyperref package is loaded.
Package caption Info: End \AtBeginDocument code.
\AtBeginShipoutBox=\box35
Package hyperref Info: Link coloring OFF on input line 41.
 ("C:\Program Files (x86)\MiKTeX 2.8\tex\latex\hyperref\nameref.sty"
Package: nameref 2010/04/30 v2.40 Cross-referencing by name of section

("C:\Program Files (x86)\MiKTeX 2.8\tex\latex\oberdiek\refcount.sty"
Package: refcount 2008/08/11 v3.1 Data extraction from references (HO)
)
("C:\Program Files (x86)\MiKTeX 2.8\tex\generic\oberdiek\gettitlestring.sty"
Package: gettitlestring 2009/12/18 v1.3 Cleanup title references (HO)
)
\c@section@level=\count137
)
LaTeX Info: Redefining \ref on input line 41.
LaTeX Info: Redefining \pageref on input line 41.
LaTeX Info: Redefining \nameref on input line 41.

(C:\GitHub\BidanThesis\myThesis_01.out) (C:\GitHub\BidanThesis\myThesis_01.out)
\@outlinefile=\write3
LaTeX Font Info:    Font shape `OT1/ptm/bx/n' in size <24.88> not available
(Font)              Font shape `OT1/ptm/b/n' tried instead on input line 43.
LaTeX Font Info:    Font shape `OT1/ptm/bx/n' in size <10.95> not available
(Font)              Font shape `OT1/ptm/b/n' tried instead on input line 43.
[0

{C:/ProgramData/MiKTeX/2.8/pdftex/config/pdftex.map}]
LaTeX Font Info:    Font shape `OT1/ptm/bx/n' in size <14.4> not available
(Font)              Font shape `OT1/ptm/b/n' tried instead on input line 43.
 [1]
(C:\GitHub\BidanThesis\myThesis_01.toc
LaTeX Font Info:    Try loading font information for OT1+ztmcm on input line 2.


("C:\Program Files (x86)\MiKTeX 2.8\tex\latex\psnfss\ot1ztmcm.fd"
File: ot1ztmcm.fd 2000/01/03 Fontinst v1.801 font definitions for OT1/ztmcm.
)
LaTeX Font Info:    Try loading font information for OML+ztmcm on input line 2.


("C:\Program Files (x86)\MiKTeX 2.8\tex\latex\psnfss\omlztmcm.fd"
File: omlztmcm.fd 2000/01/03 Fontinst v1.801 font definitions for OML/ztmcm.
)
LaTeX Font Info:    Try loading font information for OMS+ztmcm on input line 2.


("C:\Program Files (x86)\MiKTeX 2.8\tex\latex\psnfss\omsztmcm.fd"
File: omsztmcm.fd 2000/01/03 Fontinst v1.801 font definitions for OMS/ztmcm.
)
LaTeX Font Info:    Try loading font information for OMX+ztmcm on input line 2.


("C:\Program Files (x86)\MiKTeX 2.8\tex\latex\psnfss\omxztmcm.fd"
File: omxztmcm.fd 2000/01/03 Fontinst v1.801 font definitions for OMX/ztmcm.
)
LaTeX Font Info:    Font shape `OT1/ptm/bx/n' in size <8> not available
(Font)              Font shape `OT1/ptm/b/n' tried instead on input line 2.
LaTeX Font Info:    Font shape `OT1/ptm/bx/n' in size <6> not available
(Font)              Font shape `OT1/ptm/b/n' tried instead on input line 2.
 [2

])
\tf@toc=\write4

(C:\GitHub\BidanThesis\includes/cha1_introduction.tex [3]
Chapter 1.
LaTeX Font Info:    Font shape `OT1/ptm/bx/n' in size <20.74> not available
(Font)              Font shape `OT1/ptm/b/n' tried instead on input line 1.
[1

] [2] [3] [4] [5]) (C:\GitHub\BidanThesis\includes/cha2_relatedwork.tex
[6]
Chapter 2.
<./fig_cha2/litreview.pdf, id=413, 722.7pt x 614.295pt>
File: ./fig_cha2/litreview.pdf Graphic file (type pdf)

<use ./fig_cha2/litreview.pdf>
(C:\GitHub\BidanThesis\includes/cha2_sec1_grasping.tex
LaTeX Font Info:    Font shape `OT1/ptm/bx/n' in size <12> not available
(Font)              Font shape `OT1/ptm/b/n' tried instead on input line 12.
 [7

] [8 <C:/GitHub/BidanThesis/fig_cha2/litreview.pdf, page is rotated 90 degrees>
] [9])
(C:\GitHub\BidanThesis\includes/cha2_sec2_learning.tex [10] [11] [12])
(C:\GitHub\BidanThesis\includes/cha2_sec3_modular.tex [13]

Package natbib Warning: Citation `lourenco2006learning' on page 14 undefined on
 input line 31.

[14] [15] [16] [17] [18] [19]))
(C:\GitHub\BidanThesis\includes/cha3_graspplanning.tex [20]
Chapter 3.
[21

] <./fig_cha3/handover.pdf, id=864, 845.1575pt x 597.23125pt>
File: ./fig_cha3/handover.pdf Graphic file (type pdf)

<use ./fig_cha3/handover.pdf>
(C:\GitHub\BidanThesis\includes/cha3_sec2_realtime.tex [22 <C:/GitHub/BidanThes
is/fig_cha3/handover.pdf, page is rotated 90 degrees>]
<./fig_cha3/icubhand.jpg, id=887, 337.26pt x 261.97874pt>
File: ./fig_cha3/icubhand.jpg Graphic file (type jpg)

<use ./fig_cha3/icubhand.jpg>
<./fig_cha3/barretthand.jpg, id=888, 168.02776pt x 99.37125pt>
File: ./fig_cha3/barretthand.jpg Graphic file (type jpg)

<use ./fig_cha3/barretthand.jpg>

Package natbib Warning: Citation `sahar2012' on page 23 undefined on input line
 30.

[23]
LaTeX Font Info:    Font shape `OT1/ptm/bx/it' in size <10.95> not available
(Font)              Font shape `OT1/ptm/b/it' tried instead on input line 39.
 [24 <C:/GitHub/BidanThesis/fig_cha3/icubhand.jpg> <C:/GitHub/BidanThesis/fig_c
ha3/barretthand.jpg>] [25]

pdfTeX warning: pdflatex (file C:/GitHub/BidanThesis/fig_cha3/plane_x2_lattice1
.pdf): PDF inclusion: found PDF version <1.6>, but at most version <1.4> allowe
d
<./fig_cha3/plane_x2_lattice1.pdf, id=946, 501.11214pt x 381.25435pt>
File: ./fig_cha3/plane_x2_lattice1.pdf Graphic file (type pdf)

<use ./fig_cha3/plane_x2_lattice1.pdf>

pdfTeX warning: pdflatex (file C:/GitHub/BidanThesis/fig_cha3/plane_x2_lattice2
.pdf): PDF inclusion: found PDF version <1.6>, but at most version <1.4> allowe
d
<./fig_cha3/plane_x2_lattice2.pdf, id=947, 501.11214pt x 381.25435pt>
File: ./fig_cha3/plane_x2_lattice2.pdf Graphic file (type pdf)

<use ./fig_cha3/plane_x2_lattice2.pdf>
LaTeX Font Info:    Font shape `OT1/ptm/bx/n' in size <9> not available
(Font)              Font shape `OT1/ptm/b/n' tried instead on input line 109.
LaTeX Font Info:    Font shape `OT1/ptm/bx/n' in size <7> not available
(Font)              Font shape `OT1/ptm/b/n' tried instead on input line 109.
LaTeX Font Info:    Font shape `OT1/ptm/bx/n' in size <5> not available
(Font)              Font shape `OT1/ptm/b/n' tried instead on input line 109.
 [26 <C:/GitHub/BidanThesis/fig_cha3/plane_x2_lattice1.pdf> <C:/GitHub/BidanThe
sis/fig_cha3/plane_x2_lattice2.pdf>]
LaTeX Font Info:    Try loading font information for OMS+ptm on input line 124.


("C:\Program Files (x86)\MiKTeX 2.8\tex\latex\psnfss\omsptm.fd"
File: omsptm.fd 
)
LaTeX Font Info:    Font shape `OMS/ptm/m/n' in size <10.95> not available
(Font)              Font shape `OMS/cmsy/m/n' tried instead on input line 124.
 [27]
Package epstopdf Info: Source file: <./fig_cha3/BIC.eps>
(epstopdf)                    date: 2012-09-17 01:32:03
(epstopdf)                    size: 12357 bytes
(epstopdf)             Output file: <./fig_cha3/BIC-eps-converted-to.pdf>
(epstopdf)                    date: 2014-07-26 13:16:43
(epstopdf)                    size: 4663 bytes
(epstopdf)             Command: <epstopdf --outfile=./fig_cha3/BIC-eps-converte
d-to.pdf ./fig_cha3/BIC.eps>
(epstopdf)             \includegraphics on input line 161.
Package epstopdf Info: Output file is already uptodate.

<./fig_cha3/BIC-eps-converted-to.pdf, id=977, 583.17876pt x 432.61626pt>
File: ./fig_cha3/BIC-eps-converted-to.pdf Graphic file (type pdf)

<use ./fig_cha3/BIC-eps-converted-to.pdf>
Package epstopdf Info: Source file: <./fig_cha3/xValidation.eps>
(epstopdf)                    date: 2012-09-17 01:31:49
(epstopdf)                    size: 12302 bytes
(epstopdf)             Output file: <./fig_cha3/xValidation-eps-converted-to.pd
f>
(epstopdf)                    date: 2014-07-26 13:16:43
(epstopdf)                    size: 4687 bytes
(epstopdf)             Command: <epstopdf --outfile=./fig_cha3/xValidation-eps-
converted-to.pdf ./fig_cha3/xValidation.eps>
(epstopdf)             \includegraphics on input line 162.
Package epstopdf Info: Output file is already uptodate.

<./fig_cha3/xValidation-eps-converted-to.pdf, id=978, 584.1825pt x 432.61626pt>
File: ./fig_cha3/xValidation-eps-converted-to.pdf Graphic file (type pdf)
<use ./fig_cha3/xValidation-eps-converted-to.pdf> [28 <C:/GitHub/BidanThesis/fi
g_cha3/BIC-eps-converted-to.pdf> <C:/GitHub/BidanThesis/fig_cha3/xValidation-ep
s-converted-to.pdf>] [29] [30])
(C:\GitHub\BidanThesis\includes/cha3_sec3_experiment-familiar.tex
<./fig_cha3/1_ini.png, id=1032, 132.495pt x 119.69719pt>
File: ./fig_cha3/1_ini.png Graphic file (type png)

<use ./fig_cha3/1_ini.png>
<./fig_cha3/2_iniss.png, id=1033, 132.495pt x 119.69719pt>
File: ./fig_cha3/2_iniss.png Graphic file (type png)

<use ./fig_cha3/2_iniss.png>
<./fig_cha3/aa.png, id=1034, 105.996pt x 95.75775pt>
File: ./fig_cha3/aa.png Graphic file (type png)
 <use ./fig_cha3/aa.png>
<./fig_cha3/1_finalss.png, id=1035, 132.495pt x 119.69719pt>
File: ./fig_cha3/1_finalss.png Graphic file (type png)

<use ./fig_cha3/1_finalss.png>
<./fig_cha3/2_finalss.png, id=1036, 132.495pt x 119.69719pt>
File: ./fig_cha3/2_finalss.png Graphic file (type png)

<use ./fig_cha3/2_finalss.png>
<./fig_cha3/3_final_2ss.png, id=1037, 132.495pt x 119.69719pt>
File: ./fig_cha3/3_final_2ss.png Graphic file (type png)

<use ./fig_cha3/3_final_2ss.png>
Package epstopdf Info: Source file: <./fig_cha3/contour2-3_4.eps>
(epstopdf)                    date: 2012-07-26 12:01:01
(epstopdf)                    size: 145415 bytes
(epstopdf)             Output file: <./fig_cha3/contour2-3_4-eps-converted-to.p
df>
(epstopdf)                    date: 2014-07-27 19:16:11
(epstopdf)                    size: 39725 bytes
(epstopdf)             Command: <epstopdf --outfile=./fig_cha3/contour2-3_4-eps
-converted-to.pdf ./fig_cha3/contour2-3_4.eps>
(epstopdf)             \includegraphics on input line 19.
Package epstopdf Info: Output file is already uptodate.

<./fig_cha3/contour2-3_4-eps-converted-to.pdf, id=1038, 555.07375pt x 331.2375p
t>
File: ./fig_cha3/contour2-3_4-eps-converted-to.pdf Graphic file (type pdf)
 <use ./fig_cha3/contour2-3_4-eps-converted-to.pdf>
LaTeX Font Info:    Font shape `OT1/ptm/bx/it' in size <8> not available
(Font)              Font shape `OT1/ptm/b/it' tried instead on input line 24.


pdfTeX warning: pdflatex (file C:/GitHub/BidanThesis/fig_cha3/cuboid_1_i.pdf): 
PDF inclusion: found PDF version <1.6>, but at most version <1.4> allowed
<./fig_cha3/cuboid_1_i.pdf, id=1039, 240.93011pt x 240.93011pt>
File: ./fig_cha3/cuboid_1_i.pdf Graphic file (type pdf)

<use ./fig_cha3/cuboid_1_i.pdf>

pdfTeX warning: pdflatex (file C:/GitHub/BidanThesis/fig_cha3/cuboid_2_i.pdf): 
PDF inclusion: found PDF version <1.6>, but at most version <1.4> allowed
<./fig_cha3/cuboid_2_i.pdf, id=1040, 192.74008pt x 192.74008pt>
File: ./fig_cha3/cuboid_2_i.pdf Graphic file (type pdf)

<use ./fig_cha3/cuboid_2_i.pdf>

pdfTeX warning: pdflatex (file C:/GitHub/BidanThesis/fig_cha3/cuboid_3_i.pdf): 
PDF inclusion: found PDF version <1.6>, but at most version <1.4> allowed
<./fig_cha3/cuboid_3_i.pdf, id=1041, 192.74008pt x 192.74008pt>
File: ./fig_cha3/cuboid_3_i.pdf Graphic file (type pdf)

<use ./fig_cha3/cuboid_3_i.pdf>
Overfull \hbox (20.32755pt too wide) in paragraph at lines 31--34
 [][][][][][] 
 []



pdfTeX warning: pdflatex (file C:/GitHub/BidanThesis/fig_cha3/cuboid_1_f.pdf): 
PDF inclusion: found PDF version <1.6>, but at most version <1.4> allowed
<./fig_cha3/cuboid_1_f.pdf, id=1042, 240.93011pt x 240.93011pt>
File: ./fig_cha3/cuboid_1_f.pdf Graphic file (type pdf)

<use ./fig_cha3/cuboid_1_f.pdf>

pdfTeX warning: pdflatex (file C:/GitHub/BidanThesis/fig_cha3/cuboid_2_f.pdf): 
PDF inclusion: found PDF version <1.6>, but at most version <1.4> allowed
<./fig_cha3/cuboid_2_f.pdf, id=1043, 192.74008pt x 192.74008pt>
File: ./fig_cha3/cuboid_2_f.pdf Graphic file (type pdf)

<use ./fig_cha3/cuboid_2_f.pdf>

pdfTeX warning: pdflatex (file C:/GitHub/BidanThesis/fig_cha3/cuboid_3_f.pdf): 
PDF inclusion: found PDF version <1.6>, but at most version <1.4> allowed
<./fig_cha3/cuboid_3_f.pdf, id=1044, 192.74008pt x 192.74008pt>
File: ./fig_cha3/cuboid_3_f.pdf Graphic file (type pdf)

<use ./fig_cha3/cuboid_3_f.pdf>
Overfull \hbox (17.59006pt too wide) in paragraph at lines 37--40
 [][][][][][] 
 []

[31] [32 <C:/GitHub/BidanThesis/fig_cha3/1_ini.png (PNG copy)> <C:/GitHub/Bidan
Thesis/fig_cha3/2_iniss.png (PNG copy)> <C:/GitHub/BidanThesis/fig_cha3/aa.png 
(PNG copy)> <C:/GitHub/BidanThesis/fig_cha3/1_finalss.png (PNG copy)> <C:/GitHu
b/BidanThesis/fig_cha3/2_finalss.png (PNG copy)> <C:/GitHub/BidanThesis/fig_cha
3/3_final_2ss.png (PNG copy)> <C:/GitHub/BidanThesis/fig_cha3/contour2-3_4-eps-
converted-to.pdf>] [33 <C:/GitHub/BidanThesis/fig_cha3/cuboid_1_i.pdf> <C:/GitH
ub/BidanThesis/fig_cha3/cuboid_2_i.pdf> <C:/GitHub/BidanThesis/fig_cha3/cuboid_
3_i.pdf> <C:/GitHub/BidanThesis/fig_cha3/cuboid_1_f.pdf> <C:/GitHub/BidanThesis
/fig_cha3/cuboid_2_f.pdf> <C:/GitHub/BidanThesis/fig_cha3/cuboid_3_f.pdf>]

pdfTeX warning: pdflatex (file C:/GitHub/BidanThesis/fig_cha3/ash_near1.pdf): P
DF inclusion: found PDF version <1.6>, but at most version <1.4> allowed
<./fig_cha3/ash_near1.pdf, id=1100, 350.10799pt x 347.09674pt>
File: ./fig_cha3/ash_near1.pdf Graphic file (type pdf)

<use ./fig_cha3/ash_near1.pdf>
Underfull \hbox (badness 10000) in paragraph at lines 62--62
[]\OT1/ptm/m/n/9 (a) |\OT1/ptm/m/n/8 Best grasp found.
 []



pdfTeX warning: pdflatex (file C:/GitHub/BidanThesis/fig_cha3/joy_near1.pdf): P
DF inclusion: found PDF version <1.6>, but at most version <1.4> allowed
<./fig_cha3/joy_near1.pdf, id=1101, 347.09674pt x 327.5236pt>
File: ./fig_cha3/joy_near1.pdf Graphic file (type pdf)

<use ./fig_cha3/joy_near1.pdf>
Underfull \hbox (badness 10000) in paragraph at lines 63--63
[]\OT1/ptm/m/n/9 (b) |\OT1/ptm/m/n/8 Best grasp found.
 []



pdfTeX warning: pdflatex (file C:/GitHub/BidanThesis/fig_cha3/ash_near2.pdf): P
DF inclusion: found PDF version <1.6>, but at most version <1.4> allowed
<./fig_cha3/ash_near2.pdf, id=1102, 350.10799pt x 347.09674pt>
File: ./fig_cha3/ash_near2.pdf Graphic file (type pdf)

<use ./fig_cha3/ash_near2.pdf>

pdfTeX warning: pdflatex (file C:/GitHub/BidanThesis/fig_cha3/joy_near2.pdf): P
DF inclusion: found PDF version <1.6>, but at most version <1.4> allowed
<./fig_cha3/joy_near2.pdf, id=1103, 347.09674pt x 327.5236pt>
File: ./fig_cha3/joy_near2.pdf Graphic file (type pdf)

<use ./fig_cha3/joy_near2.pdf>
Overfull \hbox (1.73962pt too wide) in paragraph at lines 79--79
 []|\OT1/ptm/m/n/10.95 Number 
 []


Overfull \hbox (1.73962pt too wide) in paragraph at lines 79--79
 []|\OT1/ptm/m/n/10.95 Number 
 []


Overfull \hbox (0.50688pt too wide) in paragraph at lines 79--79
 \OT1/ptm/m/n/10.95 ity(result)| 
 []


Overfull \hbox (3.54364pt too wide) in paragraph at lines 79--79
 \OT1/ptm/m/n/10.95 Time($\OML/ztmcm/m/it/10.95 msec$\OT1/ptm/m/n/10.95 )| 
 []


Overfull \hbox (71.77287pt too wide) in paragraph at lines 77--88
 [][] 
 []

<./fig_cha3/bar_i_1.pdf, id=1104, 763.85374pt x 588.1975pt>
File: ./fig_cha3/bar_i_1.pdf Graphic file (type pdf)

<use ./fig_cha3/bar_i_1.pdf>
<./fig_cha3/bar_i_2.pdf, id=1105, 763.85374pt x 588.1975pt>
File: ./fig_cha3/bar_i_2.pdf Graphic file (type pdf)

<use ./fig_cha3/bar_i_2.pdf>
<./fig_cha3/bar_i_3.pdf, id=1106, 763.85374pt x 588.1975pt>
File: ./fig_cha3/bar_i_3.pdf Graphic file (type pdf)

<use ./fig_cha3/bar_i_3.pdf>
<./fig_cha3/bar_f_1.pdf, id=1107, 763.85374pt x 588.1975pt>
File: ./fig_cha3/bar_f_1.pdf Graphic file (type pdf)

<use ./fig_cha3/bar_f_1.pdf>
<./fig_cha3/bar_f_2.pdf, id=1108, 763.85374pt x 588.1975pt>
File: ./fig_cha3/bar_f_2.pdf Graphic file (type pdf)

<use ./fig_cha3/bar_f_2.pdf>
<./fig_cha3/bar_f_3.pdf, id=1109, 763.85374pt x 588.1975pt>
File: ./fig_cha3/bar_f_3.pdf Graphic file (type pdf)

<use ./fig_cha3/bar_f_3.pdf>

pdfTeX warning: pdflatex (file C:/GitHub/BidanThesis/fig_cha3/shoe_1i.pdf): PDF
 inclusion: found PDF version <1.6>, but at most version <1.4> allowed
<./fig_cha3/shoe_1i.pdf, id=1110, 322.25392pt x 322.25392pt>
File: ./fig_cha3/shoe_1i.pdf Graphic file (type pdf)

<use ./fig_cha3/shoe_1i.pdf>

pdfTeX warning: pdflatex (file C:/GitHub/BidanThesis/fig_cha3/shoe_2i.pdf): PDF
 inclusion: found PDF version <1.6>, but at most version <1.4> allowed
<./fig_cha3/shoe_2i.pdf, id=1111, 265.03015pt x 265.03015pt>
File: ./fig_cha3/shoe_2i.pdf Graphic file (type pdf)

<use ./fig_cha3/shoe_2i.pdf>

pdfTeX warning: pdflatex (file C:/GitHub/BidanThesis/fig_cha3/shoe_3i.pdf): PDF
 inclusion: found PDF version <1.6>, but at most version <1.4> allowed
<./fig_cha3/shoe_3i.pdf, id=1112, 274.0639pt x 274.0639pt>
File: ./fig_cha3/shoe_3i.pdf Graphic file (type pdf)

<use ./fig_cha3/shoe_3i.pdf>

pdfTeX warning: pdflatex (file C:/GitHub/BidanThesis/fig_cha3/shoe_1f.pdf): PDF
 inclusion: found PDF version <1.6>, but at most version <1.4> allowed
<./fig_cha3/shoe_1f.pdf, id=1113, 322.35431pt x 322.35431pt>
File: ./fig_cha3/shoe_1f.pdf Graphic file (type pdf)

<use ./fig_cha3/shoe_1f.pdf>

pdfTeX warning: pdflatex (file C:/GitHub/BidanThesis/fig_cha3/shoe_2f.pdf): PDF
 inclusion: found PDF version <1.6>, but at most version <1.4> allowed
<./fig_cha3/shoe_2f.pdf, id=1114, 265.03015pt x 265.03015pt>
File: ./fig_cha3/shoe_2f.pdf Graphic file (type pdf)

<use ./fig_cha3/shoe_2f.pdf>

pdfTeX warning: pdflatex (file C:/GitHub/BidanThesis/fig_cha3/shoe_3f.pdf): PDF
 inclusion: found PDF version <1.6>, but at most version <1.4> allowed
<./fig_cha3/shoe_3f.pdf, id=1115, 274.0639pt x 274.0639pt>
File: ./fig_cha3/shoe_3f.pdf Graphic file (type pdf)

<use ./fig_cha3/shoe_3f.pdf>
Overfull \hbox (20.32755pt too wide) in paragraph at lines 97--112
 [][][][][][] 
 []


Overfull \hbox (14.85257pt too wide) in paragraph at lines 97--112
 [][][][][][] 
 []


Overfull \hbox (14.85257pt too wide) in paragraph at lines 97--112
 [][][][][][] 
 []


Overfull \hbox (14.85257pt too wide) in paragraph at lines 97--112
 [][][][][][] 
 []


LaTeX Warning: Float too large for page by 96.94006pt on input line 116.



pdfTeX warning: pdflatex (file C:/GitHub/BidanThesis/fig_cha3/joy_2_i.pdf): PDF
 inclusion: found PDF version <1.6>, but at most version <1.4> allowed
<./fig_cha3/joy_2_i.pdf, id=1116, 168.65009pt x 168.65009pt>
File: ./fig_cha3/joy_2_i.pdf Graphic file (type pdf)

<use ./fig_cha3/joy_2_i.pdf>

pdfTeX warning: pdflatex (file C:/GitHub/BidanThesis/fig_cha3/joy_3_i.pdf): PDF
 inclusion: found PDF version <1.6>, but at most version <1.4> allowed
<./fig_cha3/joy_3_i.pdf, id=1117, 204.78508pt x 204.78508pt>
File: ./fig_cha3/joy_3_i.pdf Graphic file (type pdf)

<use ./fig_cha3/joy_3_i.pdf>

pdfTeX warning: pdflatex (file C:/GitHub/BidanThesis/fig_cha3/joy_5_i.pdf): PDF
 inclusion: found PDF version <1.6>, but at most version <1.4> allowed
<./fig_cha3/joy_5_i.pdf, id=1118, 204.78508pt x 204.78508pt>
File: ./fig_cha3/joy_5_i.pdf Graphic file (type pdf)

<use ./fig_cha3/joy_5_i.pdf>

pdfTeX warning: pdflatex (file C:/GitHub/BidanThesis/fig_cha3/joy_2_f.pdf): PDF
 inclusion: found PDF version <1.6>, but at most version <1.4> allowed
<./fig_cha3/joy_2_f.pdf, id=1119, 168.65009pt x 168.65009pt>
File: ./fig_cha3/joy_2_f.pdf Graphic file (type pdf)

<use ./fig_cha3/joy_2_f.pdf>

pdfTeX warning: pdflatex (file C:/GitHub/BidanThesis/fig_cha3/joy_3_f.pdf): PDF
 inclusion: found PDF version <1.6>, but at most version <1.4> allowed
<./fig_cha3/joy_3_f.pdf, id=1120, 204.78508pt x 213.81883pt>
File: ./fig_cha3/joy_3_f.pdf Graphic file (type pdf)

<use ./fig_cha3/joy_3_f.pdf>

pdfTeX warning: pdflatex (file C:/GitHub/BidanThesis/fig_cha3/joy_5_f.pdf): PDF
 inclusion: found PDF version <1.6>, but at most version <1.4> allowed
<./fig_cha3/joy_5_f.pdf, id=1121, 204.78508pt x 204.78508pt>
File: ./fig_cha3/joy_5_f.pdf Graphic file (type pdf)

<use ./fig_cha3/joy_5_f.pdf>

pdfTeX warning: pdflatex (file C:/GitHub/BidanThesis/fig_cha3/plane_2i.pdf): PD
F inclusion: found PDF version <1.6>, but at most version <1.4> allowed
<./fig_cha3/plane_2i.pdf, id=1122, 320.7483pt x 320.7483pt>
File: ./fig_cha3/plane_2i.pdf Graphic file (type pdf)

<use ./fig_cha3/plane_2i.pdf>

pdfTeX warning: pdflatex (file C:/GitHub/BidanThesis/fig_cha3/plane_3i.pdf): PD
F inclusion: found PDF version <1.6>, but at most version <1.4> allowed
<./fig_cha3/plane_3i.pdf, id=1123, 320.7483pt x 320.7483pt>
File: ./fig_cha3/plane_3i.pdf Graphic file (type pdf)

<use ./fig_cha3/plane_3i.pdf>

pdfTeX warning: pdflatex (file C:/GitHub/BidanThesis/fig_cha3/plane_1i.pdf): PD
F inclusion: found PDF version <1.6>, but at most version <1.4> allowed
<./fig_cha3/plane_1i.pdf, id=1124, 405.07335pt x 405.07335pt>
File: ./fig_cha3/plane_1i.pdf Graphic file (type pdf)

<use ./fig_cha3/plane_1i.pdf>

pdfTeX warning: pdflatex (file C:/GitHub/BidanThesis/fig_cha3/plane_2f.pdf): PD
F inclusion: found PDF version <1.6>, but at most version <1.4> allowed
<./fig_cha3/plane_2f.pdf, id=1125, 320.7483pt x 320.7483pt>
File: ./fig_cha3/plane_2f.pdf Graphic file (type pdf)

<use ./fig_cha3/plane_2f.pdf>

pdfTeX warning: pdflatex (file C:/GitHub/BidanThesis/fig_cha3/plane_3f.pdf): PD
F inclusion: found PDF version <1.6>, but at most version <1.4> allowed
<./fig_cha3/plane_3f.pdf, id=1126, 320.7483pt x 320.7483pt>
File: ./fig_cha3/plane_3f.pdf Graphic file (type pdf)

<use ./fig_cha3/plane_3f.pdf>

pdfTeX warning: pdflatex (file C:/GitHub/BidanThesis/fig_cha3/plane_1f.pdf): PD
F inclusion: found PDF version <1.6>, but at most version <1.4> allowed
<./fig_cha3/plane_1f.pdf, id=1127, 405.07335pt x 405.07335pt>
File: ./fig_cha3/plane_1f.pdf Graphic file (type pdf)

<use ./fig_cha3/plane_1f.pdf>
Overfull \hbox (14.85257pt too wide) in paragraph at lines 120--135
 [][][][][][] 
 []


Overfull \hbox (14.85257pt too wide) in paragraph at lines 120--135
 [][][][][][] 
 []


Overfull \hbox (14.85257pt too wide) in paragraph at lines 120--135
 [][][][][][] 
 []


Overfull \hbox (14.85257pt too wide) in paragraph at lines 120--135
 [][][][][][] 
 []


LaTeX Warning: Float too large for page by 168.65503pt on input line 139.

[34 <C:/GitHub/BidanThesis/fig_cha3/ash_near1.pdf> <C:/GitHub/BidanThesis/fig_c
ha3/joy_near1.pdf> <C:/GitHub/BidanThesis/fig_cha3/ash_near2.pdf> <C:/GitHub/Bi
danThesis/fig_cha3/joy_near2.pdf>] [35 <C:/GitHub/BidanThesis/fig_cha3/bar_i_1.
pdf, page is rotated 90 degrees> <C:/GitHub/BidanThesis/fig_cha3/bar_i_2.pdf, p
age is rotated 90 degrees> <C:/GitHub/BidanThesis/fig_cha3/bar_i_3.pdf, page is
 rotated 90 degrees> <C:/GitHub/BidanThesis/fig_cha3/bar_f_1.pdf, page is rotat
ed 90 degrees> <C:/GitHub/BidanThesis/fig_cha3/bar_f_2.pdf, page is rotated 90 
degrees> <C:/GitHub/BidanThesis/fig_cha3/bar_f_3.pdf, page is rotated 90 degree
s> <C:/GitHub/BidanThesis/fig_cha3/shoe_1i.pdf> <C:/GitHub/BidanThesis/fig_cha3
/shoe_2i.pdf> <C:/GitHub/BidanThesis/fig_cha3/shoe_3i.pdf> <C:/GitHub/BidanThes
is/fig_cha3/shoe_1f.pdf> <C:/GitHub/BidanThesis/fig_cha3/shoe_2f.pdf> <C:/GitHu
b/BidanThesis/fig_cha3/shoe_3f.pdf>] [36 <C:/GitHub/BidanThesis/fig_cha3/joy_2_
i.pdf> <C:/GitHub/BidanThesis/fig_cha3/joy_3_i.pdf> <C:/GitHub/BidanThesis/fig_
cha3/joy_5_i.pdf> <C:/GitHub/BidanThesis/fig_cha3/joy_2_f.pdf> <C:/GitHub/Bidan
Thesis/fig_cha3/joy_3_f.pdf> <C:/GitHub/BidanThesis/fig_cha3/joy_5_f.pdf> <C:/G
itHub/BidanThesis/fig_cha3/plane_2i.pdf> <C:/GitHub/BidanThesis/fig_cha3/plane_
3i.pdf> <C:/GitHub/BidanThesis/fig_cha3/plane_1i.pdf> <C:/GitHub/BidanThesis/fi
g_cha3/plane_2f.pdf> <C:/GitHub/BidanThesis/fig_cha3/plane_3f.pdf> <C:/GitHub/B
idanThesis/fig_cha3/plane_1f.pdf>])
(C:\GitHub\BidanThesis\includes/cha3_sec4_combineshape.tex [37] [38]
<./fig_cha3/superquadrics.jpg, id=1252, 901.84818pt x 694.19916pt>
File: ./fig_cha3/superquadrics.jpg Graphic file (type jpg)

<use ./fig_cha3/superquadrics.jpg> <void.jpg, id=1257, 337.26pt x 184.89075pt>
File: void.jpg Graphic file (type jpg)

<use void.jpg>
File: void.jpg Graphic file (type jpg)
 <use void.jpg>
<./fig_cha3/cyl.jpg, id=1258, 674.52pt x 499.8675pt>
File: ./fig_cha3/cyl.jpg Graphic file (type jpg)
 <use ./fig_cha3/cyl.jpg>
[39 <C:/GitHub/BidanThesis/fig_cha3/superquadrics.jpg>] [40 <C:/GitHub/BidanThe
sis/void.jpg> <C:/GitHub/BidanThesis/fig_cha3/cyl.jpg>]
<./fig_cha3/object.jpg, id=1282, 674.52pt x 499.8675pt>
File: ./fig_cha3/object.jpg Graphic file (type jpg)

<use ./fig_cha3/object.jpg>
File: ./fig_cha3/cyl.jpg Graphic file (type jpg)
 <use ./fig_cha3/cyl.jpg>
<./fig_cha3/ball2.jpg, id=1283, 674.52pt x 499.8675pt>
File: ./fig_cha3/ball2.jpg Graphic file (type jpg)

<use ./fig_cha3/ball2.jpg>
Overfull \hbox (14.85257pt too wide) in paragraph at lines 124--127
[][][][][][] 
 []

<./fig_cha3/cylball.jpg, id=1284, 674.52pt x 505.89pt>
File: ./fig_cha3/cylball.jpg Graphic file (type jpg)

<use ./fig_cha3/cylball.jpg>
<./fig_cha3/cyl_sig.jpg, id=1285, 674.52pt x 505.89pt>
File: ./fig_cha3/cyl_sig.jpg Graphic file (type jpg)

<use ./fig_cha3/cyl_sig.jpg>
<./fig_cha3/ball_sig2.jpg, id=1286, 674.52pt x 493.845pt>
File: ./fig_cha3/ball_sig2.jpg Graphic file (type jpg)

<use ./fig_cha3/ball_sig2.jpg>
Overfull \hbox (14.85257pt too wide) in paragraph at lines 130--133
[][][][][][] 
 []


Underfull \hbox (badness 10000) in paragraph at lines 142--143

 []

[41] [42 <C:/GitHub/BidanThesis/fig_cha3/object.jpg> <C:/GitHub/BidanThesis/fig
_cha3/ball2.jpg> <C:/GitHub/BidanThesis/fig_cha3/cylball.jpg> <C:/GitHub/BidanT
hesis/fig_cha3/cyl_sig.jpg> <C:/GitHub/BidanThesis/fig_cha3/ball_sig2.jpg>])
(C:\GitHub\BidanThesis\includes/cha3_sec5_experiment-nonfamiliar.tex
Overfull \hbox (40.56688pt too wide) in paragraph at lines 7--17
[]  [] 
 []


Overfull \hbox (46.63673pt too wide) in paragraph at lines 23--36
[]  [] 
 []

[43] [44] <./fig_cha3/8_i.jpg, id=1339, 149.96025pt x 99.37125pt>
File: ./fig_cha3/8_i.jpg Graphic file (type jpg)

<use ./fig_cha3/8_i.jpg> <./fig_cha3/1_i.jpg, id=1340, 120.45pt x 97.5645pt>
File: ./fig_cha3/1_i.jpg Graphic file (type jpg)

<use ./fig_cha3/1_i.jpg>
<./fig_cha3/5_i.jpg, id=1341, 152.9715pt x 129.48375pt>
File: ./fig_cha3/5_i.jpg Graphic file (type jpg)

<use ./fig_cha3/5_i.jpg> <./fig_cha3/8_f.jpg, id=1342, 154.176pt x 103.587pt>
File: ./fig_cha3/8_f.jpg Graphic file (type jpg)

<use ./fig_cha3/8_f.jpg> <./fig_cha3/1_f.jpg, id=1343, 136.1085pt x 110.814pt>
File: ./fig_cha3/1_f.jpg Graphic file (type jpg)

<use ./fig_cha3/1_f.jpg>
<./fig_cha3/5_f.jpg, id=1344, 165.61874pt x 127.07475pt>
File: ./fig_cha3/5_f.jpg Graphic file (type jpg)

<use ./fig_cha3/5_f.jpg>
<./fig_cha3/object_cylball_i_f_arrow.jpg, id=1345, 475.17525pt x 351.714pt>
File: ./fig_cha3/object_cylball_i_f_arrow.jpg Graphic file (type jpg)

<use ./fig_cha3/object_cylball_i_f_arrow.jpg>
<./fig_cha3/contour_Z_cylball_i_f_arrow2.jpg, id=1346, 267.399pt x 248.127pt>
File: ./fig_cha3/contour_Z_cylball_i_f_arrow2.jpg Graphic file (type jpg)

<use ./fig_cha3/contour_Z_cylball_i_f_arrow2.jpg>
<./fig_cha3/spr.jpg, id=1347, 170.43675pt x 170.43675pt>
File: ./fig_cha3/spr.jpg Graphic file (type jpg)

<use ./fig_cha3/spr.jpg>
<./fig_cha3/box123.jpg, id=1348, 168.02776pt x 165.0165pt>
File: ./fig_cha3/box123.jpg Graphic file (type jpg)

<use ./fig_cha3/box123.jpg>
<./fig_cha3/spr_3_i.jpg, id=1349, 172.84575pt x 118.041pt>
File: ./fig_cha3/spr_3_i.jpg Graphic file (type jpg)

<use ./fig_cha3/spr_3_i.jpg>
<./fig_cha3/spr_4_i.jpg, id=1350, 154.176pt x 140.9265pt>
File: ./fig_cha3/spr_4_i.jpg Graphic file (type jpg)

<use ./fig_cha3/spr_4_i.jpg>
<./fig_cha3/spr_6_i.jpg, id=1351, 139.722pt x 234.27525pt>
File: ./fig_cha3/spr_6_i.jpg Graphic file (type jpg)

<use ./fig_cha3/spr_6_i.jpg>
<./fig_cha3/spr_3_f.jpg, id=1352, 142.131pt x 136.71075pt>
File: ./fig_cha3/spr_3_f.jpg Graphic file (type jpg)

<use ./fig_cha3/spr_3_f.jpg>
<./fig_cha3/spr_4_f.jpg, id=1353, 108.405pt x 164.41425pt>
File: ./fig_cha3/spr_4_f.jpg Graphic file (type jpg)

<use ./fig_cha3/spr_4_f.jpg>
<./fig_cha3/spr_6_f.jpg, id=1354, 112.62074pt x 118.041pt>
File: ./fig_cha3/spr_6_f.jpg Graphic file (type jpg)

<use ./fig_cha3/spr_6_f.jpg>
<./fig_cha3/bedside.jpg, id=1355, 602.25pt x 602.25pt>
File: ./fig_cha3/bedside.jpg Graphic file (type jpg)

<use ./fig_cha3/bedside.jpg>
<./fig_cha3/bedside_box.jpg, id=1356, 201.1515pt x 210.7875pt>
File: ./fig_cha3/bedside_box.jpg Graphic file (type jpg)

<use ./fig_cha3/bedside_box.jpg>
<./fig_cha3/bed_6_i.jpg, id=1357, 164.41425pt x 235.47975pt>
File: ./fig_cha3/bed_6_i.jpg Graphic file (type jpg)

<use ./fig_cha3/bed_6_i.jpg>
<./fig_cha3/bed_3_i.jpg, id=1358, 222.23026pt x 200.54926pt>
File: ./fig_cha3/bed_3_i.jpg Graphic file (type jpg)

<use ./fig_cha3/bed_3_i.jpg>
<./fig_cha3/bed_5_i.jpg, id=1359, 189.70876pt x 158.39175pt>
File: ./fig_cha3/bed_5_i.jpg Graphic file (type jpg)

<use ./fig_cha3/bed_5_i.jpg>
<./fig_cha3/bed_6_f.jpg, id=1360, 163.812pt x 151.767pt>
File: ./fig_cha3/bed_6_f.jpg Graphic file (type jpg)

<use ./fig_cha3/bed_6_f.jpg>
<./fig_cha3/bed_3_f.jpg, id=1361, 162.6075pt x 169.23225pt>
File: ./fig_cha3/bed_3_f.jpg Graphic file (type jpg)

<use ./fig_cha3/bed_3_f.jpg>
<./fig_cha3/bed_5_f.jpg, id=1362, 162.6075pt x 155.98276pt>
File: ./fig_cha3/bed_5_f.jpg Graphic file (type jpg)

<use ./fig_cha3/bed_5_f.jpg>)
(C:\GitHub\BidanThesis\includes/cha3_sec6_discussion.tex [45 <C:/GitHub/BidanTh
esis/fig_cha3/8_i.jpg> <C:/GitHub/BidanThesis/fig_cha3/1_i.jpg> <C:/GitHub/Bida
nThesis/fig_cha3/5_i.jpg> <C:/GitHub/BidanThesis/fig_cha3/8_f.jpg> <C:/GitHub/B
idanThesis/fig_cha3/1_f.jpg> <C:/GitHub/BidanThesis/fig_cha3/5_f.jpg> <C:/GitHu
b/BidanThesis/fig_cha3/object_cylball_i_f_arrow.jpg> <C:/GitHub/BidanThesis/fig
_cha3/contour_Z_cylball_i_f_arrow2.jpg>] [46 <C:/GitHub/BidanThesis/fig_cha3/sp
r.jpg> <C:/GitHub/BidanThesis/fig_cha3/box123.jpg>] [47 <C:/GitHub/BidanThesis/
fig_cha3/spr_3_i.jpg> <C:/GitHub/BidanThesis/fig_cha3/spr_4_i.jpg> <C:/GitHub/B
idanThesis/fig_cha3/spr_6_i.jpg> <C:/GitHub/BidanThesis/fig_cha3/spr_3_f.jpg> <
C:/GitHub/BidanThesis/fig_cha3/spr_4_f.jpg> <C:/GitHub/BidanThesis/fig_cha3/spr
_6_f.jpg>] [48 <C:/GitHub/BidanThesis/fig_cha3/bedside.jpg> <C:/GitHub/BidanThe
sis/fig_cha3/bedside_box.jpg> <C:/GitHub/BidanThesis/fig_cha3/bed_6_i.jpg> <C:/
GitHub/BidanThesis/fig_cha3/bed_3_i.jpg> <C:/GitHub/BidanThesis/fig_cha3/bed_5_
i.jpg> <C:/GitHub/BidanThesis/fig_cha3/bed_6_f.jpg> <C:/GitHub/BidanThesis/fig_
cha3/bed_3_f.jpg> <C:/GitHub/BidanThesis/fig_cha3/bed_5_f.jpg>]))
(C:\GitHub\BidanThesis\includes/cha4_manipulation.tex [49]
Chapter 4.
[50

] (C:\GitHub\BidanThesis\includes/cha4_sec2_method.tex [51]
<./fig_cha4/overview3.pdf, id=1430, 597.23125pt x 845.1575pt>
File: ./fig_cha4/overview3.pdf Graphic file (type pdf)

<use ./fig_cha4/overview3.pdf>
Overfull \hbox (14.85257pt too wide) in paragraph at lines 16--19
 [][] 
 []


LaTeX Warning: Float too large for page by 12.04851pt on input line 21.

<./fig_cha4/marker2.jpg, id=1431, 166.82326pt x 141.52875pt>
File: ./fig_cha4/marker2.jpg Graphic file (type jpg)

<use ./fig_cha4/marker2.jpg>
<./fig_cha4/Nano25-E.jpg, id=1432, 1204.5pt x 866.8385pt>
File: ./fig_cha4/Nano25-E.jpg Graphic file (type jpg)

<use ./fig_cha4/Nano25-E.jpg>
<./fig_cha4/texscan2.jpg, id=1433, 211.992pt x 148.1535pt>
File: ./fig_cha4/texscan2.jpg Graphic file (type jpg)

<use ./fig_cha4/texscan2.jpg>
Overfull \hbox (43.20769pt too wide) in paragraph at lines 29--32
 [][][][][][] 
 []


Package natbib Warning: Citation `Fischer98' on page 52 undefined on input line
 46.

[52] [53 <C:/GitHub/BidanThesis/fig_cha4/overview3.pdf>] [54 <C:/GitHub/BidanTh
esis/fig_cha4/marker2.jpg> <C:/GitHub/BidanThesis/fig_cha4/Nano25-E.jpg> <C:/Gi
tHub/BidanThesis/fig_cha4/texscan2.jpg>] [55] [56] [57]
Missing character: There is no  in font ptmr7t!
Missing character: There is no  in font ptmr7t!
 [58]
Package epstopdf Info: Source file: <./fig_cha4/alignDTW.eps>
(epstopdf)                    date: 2014-07-29 22:26:42
(epstopdf)                    size: 168541 bytes
(epstopdf)             Output file: <./fig_cha4/alignDTW-eps-converted-to.pdf>
(epstopdf)                    date: 2014-07-29 22:27:03
(epstopdf)                    size: 67773 bytes
(epstopdf)             Command: <epstopdf --outfile=./fig_cha4/alignDTW-eps-con
verted-to.pdf ./fig_cha4/alignDTW.eps>
(epstopdf)             \includegraphics on input line 150.
Package epstopdf Info: Output file is already uptodate.

<./fig_cha4/alignDTW-eps-converted-to.pdf, id=1625, 1026.83624pt x 347.2975pt>
File: ./fig_cha4/alignDTW-eps-converted-to.pdf Graphic file (type pdf)

<use ./fig_cha4/alignDTW-eps-converted-to.pdf>
Overfull \hbox (43.30531pt too wide) in paragraph at lines 150--152
 [][] 
 []

[59 <C:/GitHub/BidanThesis/fig_cha4/alignDTW-eps-converted-to.pdf>]

pdfTeX warning: pdflatex (file C:/GitHub/BidanThesis/fig_cha4/hierarchicalclust
ering.pdf): PDF inclusion: found PDF version <1.5>, but at most version <1.4> a
llowed
<./fig_cha4/hierarchicalclustering.pdf, id=1640, 662.475pt x 1003.95076pt>
File: ./fig_cha4/hierarchicalclustering.pdf Graphic file (type pdf)

<use ./fig_cha4/hierarchicalclustering.pdf>
Package hyperref Info: bookmark level for unknown algorithm defaults to 0 on in
put line 185.
 [60] [61 <C:/GitHub/BidanThesis/fig_cha4/hierarchicalclustering.pdf>] [62]
<./fig_cha4/control_1_2.pdf, id=1674, 6070.68pt x 2601.72pt>
File: ./fig_cha4/control_1_2.pdf Graphic file (type pdf)

<use ./fig_cha4/control_1_2.pdf>
<./fig_cha4/control_3_2.pdf, id=1675, 845.1575pt x 597.23125pt>
File: ./fig_cha4/control_3_2.pdf Graphic file (type pdf)

<use ./fig_cha4/control_3_2.pdf>
Overfull \hbox (14.85257pt too wide) in paragraph at lines 263--267
 [][] 
 []


Overfull \hbox (14.85257pt too wide) in paragraph at lines 263--267
 [][] 
 []

[63] [64 <C:/GitHub/BidanThesis/fig_cha4/control_1_2.pdf, page is rotated 90 de
grees> <C:/GitHub/BidanThesis/fig_cha4/control_3_2.pdf, page is rotated 90 degr
ees>] [65]) (C:\GitHub\BidanThesis\includes/cha4_sec3_experiment.tex [66]

pdfTeX warning: pdflatex (file C:/GitHub/BidanThesis/fig_cha4/b1b3b4_time_T_2.p
df): PDF inclusion: found PDF version <1.7>, but at most version <1.4> allowed
<./fig_cha4/b1b3b4_time_T_2.pdf, id=1738, 845.0471pt x 597.50829pt>
File: ./fig_cha4/b1b3b4_time_T_2.pdf Graphic file (type pdf)

<use ./fig_cha4/b1b3b4_time_T_2.pdf> [67]
<./fig_cha4/b_c.jpg, id=1750, 2055.68pt x 1541.76pt>
File: ./fig_cha4/b_c.jpg Graphic file (type jpg)
 <use ./fig_cha4/b_c.jpg>
<./fig_cha4/c1.jpg, id=1751, 57.3342pt x 53.9616pt>
File: ./fig_cha4/c1.jpg Graphic file (type jpg)
 <use ./fig_cha4/c1.jpg>
Overfull \hbox (31.72913pt too wide) in paragraph at lines 72--72
[][] 
 []

<./fig_cha4/c2.jpg, id=1752, 60.225pt x 57.816pt>
File: ./fig_cha4/c2.jpg Graphic file (type jpg)
 <use ./fig_cha4/c2.jpg>
Overfull \hbox (31.72913pt too wide) in paragraph at lines 73--73
[][] 
 []

<./fig_cha4/c3.jpg, id=1753, 62.634pt x 56.8524pt>
File: ./fig_cha4/c3.jpg Graphic file (type jpg)
 <use ./fig_cha4/c3.jpg>
Overfull \hbox (31.72913pt too wide) in paragraph at lines 74--74
[][] 
 []

<./fig_cha4/c4.jpg, id=1754, 62.634pt x 54.9252pt>
File: ./fig_cha4/c4.jpg Graphic file (type jpg)
 <use ./fig_cha4/c4.jpg>
Overfull \hbox (31.72913pt too wide) in paragraph at lines 75--75
[][] 
 []


Underfull \hbox (badness 10000) in paragraph at lines 76--76
[]|\OT1/ptm/m/n/10.95 Cap 1
 []


Underfull \hbox (badness 10000) in paragraph at lines 76--76
[]|\OT1/ptm/m/n/10.95 Cap 2
 []


Underfull \hbox (badness 10000) in paragraph at lines 76--76
[]|\OT1/ptm/m/n/10.95 Cap 3
 []


Underfull \hbox (badness 10000) in paragraph at lines 76--77
[]|\OT1/ptm/m/n/10.95 Cap 4
 []

<./fig_cha4/b1.jpg, id=1755, 34.2078pt x 63.1158pt>
File: ./fig_cha4/b1.jpg Graphic file (type jpg)
 <use ./fig_cha4/b1.jpg>
Overfull \hbox (31.72913pt too wide) in paragraph at lines 78--78
[][] 
 []

<./fig_cha4/b2.jpg, id=1756, 45.771pt x 51.0708pt>
File: ./fig_cha4/b2.jpg Graphic file (type jpg)
 <use ./fig_cha4/b2.jpg>
Overfull \hbox (31.72913pt too wide) in paragraph at lines 81--81
[][] 
 []

<./fig_cha4/b3.jpg, id=1757, 36.135pt x 56.8524pt>
File: ./fig_cha4/b3.jpg Graphic file (type jpg)
 <use ./fig_cha4/b3.jpg>
Overfull \hbox (31.72913pt too wide) in paragraph at lines 85--85
[][] 
 []

<./fig_cha4/b4.jpg, id=1758, 46.2528pt x 56.8524pt>
File: ./fig_cha4/b4.jpg Graphic file (type jpg)
 <use ./fig_cha4/b4.jpg>
Overfull \hbox (31.72913pt too wide) in paragraph at lines 89--89
[][] 
 []

<./fig_cha4/setup2_2.jpg, id=1759, 822.272pt x 616.704pt>
File: ./fig_cha4/setup2_2.jpg Graphic file (type jpg)

<use ./fig_cha4/setup2_2.jpg>
<./fig_cha4/demo.jpg, id=1760, 2055.68pt x 1541.76pt>
File: ./fig_cha4/demo.jpg Graphic file (type jpg)

<use ./fig_cha4/demo.jpg> [68 <C:/GitHub/BidanThesis/fig_cha4/b1b3b4_time_T_2.p
df>] [69 <C:/GitHub/BidanThesis/fig_cha4/b_c.jpg> <C:/GitHub/BidanThesis/fig_ch
a4/setup2_2.jpg> <C:/GitHub/BidanThesis/fig_cha4/demo.jpg>] [70 <C:/GitHub/Bida
nThesis/fig_cha4/c1.jpg> <C:/GitHub/BidanThesis/fig_cha4/c2.jpg> <C:/GitHub/Bid
anThesis/fig_cha4/c3.jpg> <C:/GitHub/BidanThesis/fig_cha4/c4.jpg> <C:/GitHub/Bi
danThesis/fig_cha4/b1.jpg> <C:/GitHub/BidanThesis/fig_cha4/b2.jpg> <C:/GitHub/B
idanThesis/fig_cha4/b3.jpg> <C:/GitHub/BidanThesis/fig_cha4/b4.jpg>] [71]
[72]

pdfTeX warning: pdflatex (file C:/GitHub/BidanThesis/fig_cha4/b3c2_1_sTF.pdf): 
PDF inclusion: found PDF version <1.7>, but at most version <1.4> allowed
<./fig_cha4/b3c2_1_sTF.pdf, id=1816, 540.88678pt x 569.34006pt>
File: ./fig_cha4/b3c2_1_sTF.pdf Graphic file (type pdf)

<use ./fig_cha4/b3c2_1_sTF.pdf> [73] [74 <C:/GitHub/BidanThesis/fig_cha4/b3c2_1
_sTF.pdf>]
Package epstopdf Info: Source file: <./fig_cha4/heatmap_all6_3.eps>
(epstopdf)                    date: 2014-07-28 17:20:50
(epstopdf)                    size: 36351 bytes
(epstopdf)             Output file: <./fig_cha4/heatmap_all6_3-eps-converted-to
.pdf>
(epstopdf)                    date: 2014-07-28 22:52:48
(epstopdf)                    size: 12804 bytes
(epstopdf)             Command: <epstopdf --outfile=./fig_cha4/heatmap_all6_3-e
ps-converted-to.pdf ./fig_cha4/heatmap_all6_3.eps>
(epstopdf)             \includegraphics on input line 197.
Package epstopdf Info: Output file is already uptodate.

<./fig_cha4/heatmap_all6_3-eps-converted-to.pdf, id=1841, 418.56375pt x 314.173
75pt>
File: ./fig_cha4/heatmap_all6_3-eps-converted-to.pdf Graphic file (type pdf)
 <use ./fig_cha4/heatmap_all6_3-eps-converted-to.pdf>
Overfull \hbox (100.20914pt too wide) in paragraph at lines 197--199
 [][] 
 []

Package epstopdf Info: Source file: <./fig_cha4/c1c3c4_time_T.eps>
(epstopdf)                    date: 2014-07-26 23:15:29
(epstopdf)                    size: 46878 bytes
(epstopdf)             Output file: <./fig_cha4/c1c3c4_time_T-eps-converted-to.
pdf>
(epstopdf)                    date: 2014-07-26 23:29:13
(epstopdf)                    size: 22280 bytes
(epstopdf)             Command: <epstopdf --outfile=./fig_cha4/c1c3c4_time_T-ep
s-converted-to.pdf ./fig_cha4/c1c3c4_time_T.eps>
(epstopdf)             \includegraphics on input line 205.
Package epstopdf Info: Output file is already uptodate.

<./fig_cha4/c1c3c4_time_T-eps-converted-to.pdf, id=1842, 348.30125pt x 261.9787
4pt>
File: ./fig_cha4/c1c3c4_time_T-eps-converted-to.pdf Graphic file (type pdf)
 <use ./fig_cha4/c1c3c4_time_T-eps-converted-to.pdf>
File: ./fig_cha4/c1.jpg Graphic file (type jpg)

<use ./fig_cha4/c1.jpg>
Overfull \hbox (31.72913pt too wide) in paragraph at lines 228--228
[][] 
 []

File: ./fig_cha4/c2.jpg Graphic file (type jpg)
<use ./fig_cha4/c2.jpg>
Overfull \hbox (31.72913pt too wide) in paragraph at lines 229--229
[][] 
 []

File: ./fig_cha4/c3.jpg Graphic file (type jpg)
<use ./fig_cha4/c3.jpg>
Overfull \hbox (31.72913pt too wide) in paragraph at lines 230--230
[][] 
 []

File: ./fig_cha4/c4.jpg Graphic file (type jpg)
<use ./fig_cha4/c4.jpg>
Overfull \hbox (31.72913pt too wide) in paragraph at lines 231--231
[][] 
 []

File: ./fig_cha4/b1.jpg Graphic file (type jpg)
<use ./fig_cha4/b1.jpg>
Overfull \hbox (31.72913pt too wide) in paragraph at lines 232--232
[][] 
 []

File: ./fig_cha4/b2.jpg Graphic file (type jpg)
<use ./fig_cha4/b2.jpg>
Overfull \hbox (31.72913pt too wide) in paragraph at lines 236--236
[][] 
 []

File: ./fig_cha4/b3.jpg Graphic file (type jpg)
<use ./fig_cha4/b3.jpg>
Overfull \hbox (31.72913pt too wide) in paragraph at lines 242--242
[][] 
 []

File: ./fig_cha4/b4.jpg Graphic file (type jpg)
<use ./fig_cha4/b4.jpg>
Overfull \hbox (31.72913pt too wide) in paragraph at lines 248--248
[][] 
 []

[75] [76 <C:/GitHub/BidanThesis/fig_cha4/heatmap_all6_3-eps-converted-to.pdf>]
[77]
Package epstopdf Info: Source file: <./fig_cha4/bic_cluster1.eps>
(epstopdf)                    date: 2014-04-29 11:48:27
(epstopdf)                    size: 9874 bytes
(epstopdf)             Output file: <./fig_cha4/bic_cluster1-eps-converted-to.p
df>
(epstopdf)                    date: 2014-07-25 00:23:18
(epstopdf)                    size: 3795 bytes
(epstopdf)             Command: <epstopdf --outfile=./fig_cha4/bic_cluster1-eps
-converted-to.pdf ./fig_cha4/bic_cluster1.eps>
(epstopdf)             \includegraphics on input line 264.
Package epstopdf Info: Output file is already uptodate.

<./fig_cha4/bic_cluster1-eps-converted-to.pdf, id=1870, 421.575pt x 312.16624pt
>
File: ./fig_cha4/bic_cluster1-eps-converted-to.pdf Graphic file (type pdf)
 <use ./fig_cha4/bic_cluster1-eps-converted-to.pdf>
Package epstopdf Info: Source file: <./fig_cha4/bic_cluster2.eps>
(epstopdf)                    date: 2014-04-29 11:47:22
(epstopdf)                    size: 9814 bytes
(epstopdf)             Output file: <./fig_cha4/bic_cluster2-eps-converted-to.p
df>
(epstopdf)                    date: 2014-07-25 00:23:18
(epstopdf)                    size: 3812 bytes
(epstopdf)             Command: <epstopdf --outfile=./fig_cha4/bic_cluster2-eps
-converted-to.pdf ./fig_cha4/bic_cluster2.eps>
(epstopdf)             \includegraphics on input line 265.
Package epstopdf Info: Output file is already uptodate.

<./fig_cha4/bic_cluster2-eps-converted-to.pdf, id=1871, 421.575pt x 312.16624pt
>
File: ./fig_cha4/bic_cluster2-eps-converted-to.pdf Graphic file (type pdf)
 <use ./fig_cha4/bic_cluster2-eps-converted-to.pdf>
Package epstopdf Info: Source file: <./fig_cha4/bic_cluster3.eps>
(epstopdf)                    date: 2014-04-29 11:46:43
(epstopdf)                    size: 11118 bytes
(epstopdf)             Output file: <./fig_cha4/bic_cluster3-eps-converted-to.p
df>
(epstopdf)                    date: 2014-07-25 00:23:19
(epstopdf)                    size: 4172 bytes
(epstopdf)             Command: <epstopdf --outfile=./fig_cha4/bic_cluster3-eps
-converted-to.pdf ./fig_cha4/bic_cluster3.eps>
(epstopdf)             \includegraphics on input line 266.
Package epstopdf Info: Output file is already uptodate.

<./fig_cha4/bic_cluster3-eps-converted-to.pdf, id=1872, 421.575pt x 317.185pt>
File: ./fig_cha4/bic_cluster3-eps-converted-to.pdf Graphic file (type pdf)

<use ./fig_cha4/bic_cluster3-eps-converted-to.pdf> [78 <C:/GitHub/BidanThesis/f
ig_cha4/c1c3c4_time_T-eps-converted-to.pdf>] [79] [80 <C:/GitHub/BidanThesis/fi
g_cha4/bic_cluster1-eps-converted-to.pdf> <C:/GitHub/BidanThesis/fig_cha4/bic_c
luster2-eps-converted-to.pdf> <C:/GitHub/BidanThesis/fig_cha4/bic_cluster3-eps-
converted-to.pdf>] [81]
<./fig_cha4/demo_b1.jpg, id=1927, 1299.35437pt x 341.77687pt>
File: ./fig_cha4/demo_b1.jpg Graphic file (type jpg)

<use ./fig_cha4/demo_b1.jpg>
Package epstopdf Info: Source file: <./fig_cha4/demo_b1_s.eps>
(epstopdf)                    date: 2014-05-19 00:36:39
(epstopdf)                    size: 28032 bytes
(epstopdf)             Output file: <./fig_cha4/demo_b1_s-eps-converted-to.pdf>

(epstopdf)                    date: 2014-07-25 00:24:15
(epstopdf)                    size: 8392 bytes
(epstopdf)             Command: <epstopdf --outfile=./fig_cha4/demo_b1_s-eps-co
nverted-to.pdf ./fig_cha4/demo_b1_s.eps>
(epstopdf)             \includegraphics on input line 372.
Package epstopdf Info: Output file is already uptodate.

<./fig_cha4/demo_b1_s-eps-converted-to.pdf, id=1928, 384.43625pt x 118.4425pt>
File: ./fig_cha4/demo_b1_s-eps-converted-to.pdf Graphic file (type pdf)

<use ./fig_cha4/demo_b1_s-eps-converted-to.pdf>
Package epstopdf Info: Source file: <./fig_cha4/demo_b1_T.eps>
(epstopdf)                    date: 2014-05-19 00:36:38
(epstopdf)                    size: 15660 bytes
(epstopdf)             Output file: <./fig_cha4/demo_b1_T-eps-converted-to.pdf>

(epstopdf)                    date: 2014-07-25 00:24:15
(epstopdf)                    size: 7089 bytes
(epstopdf)             Command: <epstopdf --outfile=./fig_cha4/demo_b1_T-eps-co
nverted-to.pdf ./fig_cha4/demo_b1_T.eps>
(epstopdf)             \includegraphics on input line 373.
Package epstopdf Info: Output file is already uptodate.

<./fig_cha4/demo_b1_T-eps-converted-to.pdf, id=1929, 384.43625pt x 115.43124pt>
File: ./fig_cha4/demo_b1_T-eps-converted-to.pdf Graphic file (type pdf)
<use ./fig_cha4/demo_b1_T-eps-converted-to.pdf>
Package epstopdf Info: Source file: <./fig_cha4/demo_b1_rf.eps>
(epstopdf)                    date: 2014-05-19 00:36:39
(epstopdf)                    size: 29707 bytes
(epstopdf)             Output file: <./fig_cha4/demo_b1_rf-eps-converted-to.pdf
>
(epstopdf)                    date: 2014-07-25 00:24:16
(epstopdf)                    size: 19604 bytes
(epstopdf)             Command: <epstopdf --outfile=./fig_cha4/demo_b1_rf-eps-c
onverted-to.pdf ./fig_cha4/demo_b1_rf.eps>
(epstopdf)             \includegraphics on input line 374.
Package epstopdf Info: Output file is already uptodate.

<./fig_cha4/demo_b1_rf-eps-converted-to.pdf, id=1930, 378.41376pt x 118.4425pt>
File: ./fig_cha4/demo_b1_rf-eps-converted-to.pdf Graphic file (type pdf)
<use ./fig_cha4/demo_b1_rf-eps-converted-to.pdf>
Overfull \hbox (14.85257pt too wide) in paragraph at lines 371--376
 [][] 
 []


Overfull \hbox (14.85257pt too wide) in paragraph at lines 371--376
 [] 
 []


Overfull \hbox (14.85257pt too wide) in paragraph at lines 371--376
 [] 
 []


Overfull \hbox (14.85257pt too wide) in paragraph at lines 371--376
 [] 
 []

<./fig_cha4/demo_b4.jpg, id=1931, 1458.95062pt x 308.65312pt>
File: ./fig_cha4/demo_b4.jpg Graphic file (type jpg)

<use ./fig_cha4/demo_b4.jpg>
Package epstopdf Info: Source file: <./fig_cha4/demo_b4_s.eps>
(epstopdf)                    date: 2014-05-19 00:36:42
(epstopdf)                    size: 24842 bytes
(epstopdf)             Output file: <./fig_cha4/demo_b4_s-eps-converted-to.pdf>

(epstopdf)                    date: 2014-07-25 00:24:16
(epstopdf)                    size: 5564 bytes
(epstopdf)             Command: <epstopdf --outfile=./fig_cha4/demo_b4_s-eps-co
nverted-to.pdf ./fig_cha4/demo_b4_s.eps>
(epstopdf)             \includegraphics on input line 383.
Package epstopdf Info: Output file is already uptodate.

<./fig_cha4/demo_b4_s-eps-converted-to.pdf, id=1932, 370.38374pt x 118.4425pt>
File: ./fig_cha4/demo_b4_s-eps-converted-to.pdf Graphic file (type pdf)

<use ./fig_cha4/demo_b4_s-eps-converted-to.pdf>
Package epstopdf Info: Source file: <./fig_cha4/demo_b4_T.eps>
(epstopdf)                    date: 2014-05-19 00:36:40
(epstopdf)                    size: 25193 bytes
(epstopdf)             Output file: <./fig_cha4/demo_b4_T-eps-converted-to.pdf>

(epstopdf)                    date: 2014-07-25 00:24:17
(epstopdf)                    size: 15356 bytes
(epstopdf)             Command: <epstopdf --outfile=./fig_cha4/demo_b4_T-eps-co
nverted-to.pdf ./fig_cha4/demo_b4_T.eps>
(epstopdf)             \includegraphics on input line 384.
Package epstopdf Info: Output file is already uptodate.

<./fig_cha4/demo_b4_T-eps-converted-to.pdf, id=1933, 376.40625pt x 115.43124pt>
File: ./fig_cha4/demo_b4_T-eps-converted-to.pdf Graphic file (type pdf)
<use ./fig_cha4/demo_b4_T-eps-converted-to.pdf>
Package epstopdf Info: Source file: <./fig_cha4/demo_b4_rf.eps>
(epstopdf)                    date: 2014-05-19 00:36:41
(epstopdf)                    size: 55145 bytes
(epstopdf)             Output file: <./fig_cha4/demo_b4_rf-eps-converted-to.pdf
>
(epstopdf)                    date: 2014-07-25 00:24:17
(epstopdf)                    size: 39725 bytes
(epstopdf)             Command: <epstopdf --outfile=./fig_cha4/demo_b4_rf-eps-c
onverted-to.pdf ./fig_cha4/demo_b4_rf.eps>
(epstopdf)             \includegraphics on input line 385.
Package epstopdf Info: Output file is already uptodate.

<./fig_cha4/demo_b4_rf-eps-converted-to.pdf, id=1934, 376.40625pt x 118.4425pt>
File: ./fig_cha4/demo_b4_rf-eps-converted-to.pdf Graphic file (type pdf)
<use ./fig_cha4/demo_b4_rf-eps-converted-to.pdf>
Overfull \hbox (14.85257pt too wide) in paragraph at lines 382--387
 [][] 
 []


Overfull \hbox (14.85257pt too wide) in paragraph at lines 382--387
 [] 
 []


Overfull \hbox (14.85257pt too wide) in paragraph at lines 382--387
 [] 
 []


Overfull \hbox (14.85257pt too wide) in paragraph at lines 382--387
 [] 
 []

<./fig_cha4/demo_b5.jpg, id=1935, 1644.1425pt x 325.215pt>
File: ./fig_cha4/demo_b5.jpg Graphic file (type jpg)

<use ./fig_cha4/demo_b5.jpg>
Package epstopdf Info: Source file: <./fig_cha4/demo_b5_s.eps>
(epstopdf)                    date: 2014-05-19 00:36:44
(epstopdf)                    size: 23959 bytes
(epstopdf)             Output file: <./fig_cha4/demo_b5_s-eps-converted-to.pdf>

(epstopdf)                    date: 2014-07-25 00:24:18
(epstopdf)                    size: 8546 bytes
(epstopdf)             Command: <epstopdf --outfile=./fig_cha4/demo_b5_s-eps-co
nverted-to.pdf ./fig_cha4/demo_b5_s.eps>
(epstopdf)             \includegraphics on input line 394.
Package epstopdf Info: Output file is already uptodate.

<./fig_cha4/demo_b5_s-eps-converted-to.pdf, id=1936, 384.43625pt x 118.4425pt>
File: ./fig_cha4/demo_b5_s-eps-converted-to.pdf Graphic file (type pdf)

<use ./fig_cha4/demo_b5_s-eps-converted-to.pdf>
Package epstopdf Info: Source file: <./fig_cha4/demo_b5_T.eps>
(epstopdf)                    date: 2014-05-19 00:36:42
(epstopdf)                    size: 16413 bytes
(epstopdf)             Output file: <./fig_cha4/demo_b5_T-eps-converted-to.pdf>

(epstopdf)                    date: 2014-07-25 00:24:18
(epstopdf)                    size: 7721 bytes
(epstopdf)             Command: <epstopdf --outfile=./fig_cha4/demo_b5_T-eps-co
nverted-to.pdf ./fig_cha4/demo_b5_T.eps>
(epstopdf)             \includegraphics on input line 395.
Package epstopdf Info: Output file is already uptodate.

<./fig_cha4/demo_b5_T-eps-converted-to.pdf, id=1937, 378.41376pt x 115.43124pt>
File: ./fig_cha4/demo_b5_T-eps-converted-to.pdf Graphic file (type pdf)
<use ./fig_cha4/demo_b5_T-eps-converted-to.pdf>
Package epstopdf Info: Source file: <./fig_cha4/demo_b5_rf.eps>
(epstopdf)                    date: 2014-05-19 00:36:43
(epstopdf)                    size: 31140 bytes
(epstopdf)             Output file: <./fig_cha4/demo_b5_rf-eps-converted-to.pdf
>
(epstopdf)                    date: 2014-07-25 00:24:19
(epstopdf)                    size: 19409 bytes
(epstopdf)             Command: <epstopdf --outfile=./fig_cha4/demo_b5_rf-eps-c
onverted-to.pdf ./fig_cha4/demo_b5_rf.eps>
(epstopdf)             \includegraphics on input line 396.
Package epstopdf Info: Output file is already uptodate.

<./fig_cha4/demo_b5_rf-eps-converted-to.pdf, id=1938, 378.41376pt x 118.4425pt>
File: ./fig_cha4/demo_b5_rf-eps-converted-to.pdf Graphic file (type pdf)
<use ./fig_cha4/demo_b5_rf-eps-converted-to.pdf>
Overfull \hbox (14.85257pt too wide) in paragraph at lines 393--398
 [][] 
 []


Overfull \hbox (14.85257pt too wide) in paragraph at lines 393--398
 [] 
 []


Overfull \hbox (14.85257pt too wide) in paragraph at lines 393--398
 [] 
 []


Overfull \hbox (14.85257pt too wide) in paragraph at lines 393--398
 [] 
 []

<./fig_cha4/demo_b6.jpg, id=1939, 1644.1425pt x 338.76563pt>
File: ./fig_cha4/demo_b6.jpg Graphic file (type jpg)

<use ./fig_cha4/demo_b6.jpg>
Package epstopdf Info: Source file: <./fig_cha4/demo_b6_s.eps>
(epstopdf)                    date: 2014-05-19 00:36:46
(epstopdf)                    size: 22000 bytes
(epstopdf)             Output file: <./fig_cha4/demo_b6_s-eps-converted-to.pdf>

(epstopdf)                    date: 2014-07-25 00:24:19
(epstopdf)                    size: 7008 bytes
(epstopdf)             Command: <epstopdf --outfile=./fig_cha4/demo_b6_s-eps-co
nverted-to.pdf ./fig_cha4/demo_b6_s.eps>
(epstopdf)             \includegraphics on input line 405.
Package epstopdf Info: Output file is already uptodate.

<./fig_cha4/demo_b6_s-eps-converted-to.pdf, id=1940, 378.41376pt x 118.4425pt>
File: ./fig_cha4/demo_b6_s-eps-converted-to.pdf Graphic file (type pdf)

<use ./fig_cha4/demo_b6_s-eps-converted-to.pdf>
Package epstopdf Info: Source file: <./fig_cha4/demo_b6_T.eps>
(epstopdf)                    date: 2014-05-19 00:36:44
(epstopdf)                    size: 13291 bytes
(epstopdf)             Output file: <./fig_cha4/demo_b6_T-eps-converted-to.pdf>

(epstopdf)                    date: 2014-07-25 00:24:20
(epstopdf)                    size: 6708 bytes
(epstopdf)             Command: <epstopdf --outfile=./fig_cha4/demo_b6_T-eps-co
nverted-to.pdf ./fig_cha4/demo_b6_T.eps>
(epstopdf)             \includegraphics on input line 406.
Package epstopdf Info: Output file is already uptodate.

<./fig_cha4/demo_b6_T-eps-converted-to.pdf, id=1941, 382.42876pt x 115.43124pt>
File: ./fig_cha4/demo_b6_T-eps-converted-to.pdf Graphic file (type pdf)
<use ./fig_cha4/demo_b6_T-eps-converted-to.pdf>
Package epstopdf Info: Source file: <./fig_cha4/demo_b6_rf.eps>
(epstopdf)                    date: 2014-05-19 00:36:45
(epstopdf)                    size: 22265 bytes
(epstopdf)             Output file: <./fig_cha4/demo_b6_rf-eps-converted-to.pdf
>
(epstopdf)                    date: 2014-07-25 00:24:20
(epstopdf)                    size: 14224 bytes
(epstopdf)             Command: <epstopdf --outfile=./fig_cha4/demo_b6_rf-eps-c
onverted-to.pdf ./fig_cha4/demo_b6_rf.eps>
(epstopdf)             \includegraphics on input line 407.
Package epstopdf Info: Output file is already uptodate.

<./fig_cha4/demo_b6_rf-eps-converted-to.pdf, id=1942, 376.40625pt x 118.4425pt>
File: ./fig_cha4/demo_b6_rf-eps-converted-to.pdf Graphic file (type pdf)
<use ./fig_cha4/demo_b6_rf-eps-converted-to.pdf>
Overfull \hbox (14.85257pt too wide) in paragraph at lines 404--409
 [][] 
 []


Overfull \hbox (14.85257pt too wide) in paragraph at lines 404--409
 [] 
 []


Overfull \hbox (14.85257pt too wide) in paragraph at lines 404--409
 [] 
 []


Overfull \hbox (14.85257pt too wide) in paragraph at lines 404--409
 [] 
 []

Package epstopdf Info: Source file: <./fig_cha4/rb1b4b5b6_time_T.eps>
(epstopdf)                    date: 2014-07-18 18:23:01
(epstopdf)                    size: 76609 bytes
(epstopdf)             Output file: <./fig_cha4/rb1b4b5b6_time_T-eps-converted-
to.pdf>
(epstopdf)                    date: 2014-07-25 17:35:12
(epstopdf)                    size: 33109 bytes
(epstopdf)             Command: <epstopdf --outfile=./fig_cha4/rb1b4b5b6_time_T
-eps-converted-to.pdf ./fig_cha4/rb1b4b5b6_time_T.eps>
(epstopdf)             \includegraphics on input line 416.
Package epstopdf Info: Output file is already uptodate.

<./fig_cha4/rb1b4b5b6_time_T-eps-converted-to.pdf, id=1943, 563.10374pt x 348.3
0125pt>
File: ./fig_cha4/rb1b4b5b6_time_T-eps-converted-to.pdf Graphic file (type pdf)
 <use ./fig_cha4/rb1b4b5b6_time_T-eps-converted-to.pdf>)
(C:\GitHub\BidanThesis\includes/cha4_sec4_discussion.tex [82] [83 <C:/GitHub/Bi
danThesis/fig_cha4/demo_b1.jpg> <C:/GitHub/BidanThesis/fig_cha4/demo_b1_s-eps-c
onverted-to.pdf> <C:/GitHub/BidanThesis/fig_cha4/demo_b1_T-eps-converted-to.pdf
> <C:/GitHub/BidanThesis/fig_cha4/demo_b1_rf-eps-converted-to.pdf>] [84 <C:/Git
Hub/BidanThesis/fig_cha4/demo_b4.jpg> <C:/GitHub/BidanThesis/fig_cha4/demo_b4_s
-eps-converted-to.pdf> <C:/GitHub/BidanThesis/fig_cha4/demo_b4_T-eps-converted-
to.pdf> <C:/GitHub/BidanThesis/fig_cha4/demo_b4_rf-eps-converted-to.pdf>]
[85 <C:/GitHub/BidanThesis/fig_cha4/demo_b5.jpg> <C:/GitHub/BidanThesis/fig_cha
4/demo_b5_s-eps-converted-to.pdf> <C:/GitHub/BidanThesis/fig_cha4/demo_b5_T-eps
-converted-to.pdf> <C:/GitHub/BidanThesis/fig_cha4/demo_b5_rf-eps-converted-to.
pdf>] [86 <C:/GitHub/BidanThesis/fig_cha4/demo_b6.jpg> <C:/GitHub/BidanThesis/f
ig_cha4/demo_b6_s-eps-converted-to.pdf> <C:/GitHub/BidanThesis/fig_cha4/demo_b6
_T-eps-converted-to.pdf> <C:/GitHub/BidanThesis/fig_cha4/demo_b6_rf-eps-convert
ed-to.pdf>] [87 <C:/GitHub/BidanThesis/fig_cha4/rb1b4b5b6_time_T-eps-converted-
to.pdf>])) (C:\GitHub\BidanThesis\includes/cha5_mimesis.tex [88]
Chapter 5.
[89

] <./fig_cha5/begin.jpg, id=2035, 226.665pt x 161.78625pt>
File: ./fig_cha5/begin.jpg Graphic file (type jpg)

<use ./fig_cha5/begin.jpg> [90 <C:/GitHub/BidanThesis/fig_cha5/begin.jpg>]
[91] (C:\GitHub\BidanThesis\includes/cha5_sec2_method.tex [92

]
<./fig_cha5/gsbox.jpg, id=2084, 2457.18pt x 3276.24pt>
File: ./fig_cha5/gsbox.jpg Graphic file (type jpg)

<use ./fig_cha5/gsbox.jpg>
<./fig_cha5/gpinkbox.jpg, id=2085, 2457.18pt x 3276.24pt>
File: ./fig_cha5/gpinkbox.jpg Graphic file (type jpg)

<use ./fig_cha5/gpinkbox.jpg> [93 <C:/GitHub/BidanThesis/fig_cha5/gsbox.jpg> <C
:/GitHub/BidanThesis/fig_cha5/gpinkbox.jpg>] [94]
Package epstopdf Info: Source file: <./fig_cha5/chmm.eps>
(epstopdf)                    date: 2013-03-20 05:55:01
(epstopdf)                    size: 526162 bytes
(epstopdf)             Output file: <./fig_cha5/chmm-eps-converted-to.pdf>
(epstopdf)                    date: 2014-07-27 18:55:17
(epstopdf)                    size: 30356 bytes
(epstopdf)             Command: <epstopdf --outfile=./fig_cha5/chmm-eps-convert
ed-to.pdf ./fig_cha5/chmm.eps>
(epstopdf)             \includegraphics on input line 69.
Package epstopdf Info: Output file is already uptodate.

<./fig_cha5/chmm-eps-converted-to.pdf, id=2110, 318.18875pt x 187.70125pt>
File: ./fig_cha5/chmm-eps-converted-to.pdf Graphic file (type pdf)

<use ./fig_cha5/chmm-eps-converted-to.pdf> [95 <C:/GitHub/BidanThesis/fig_cha5/
chmm-eps-converted-to.pdf>]
Overfull \hbox (29.11673pt too wide) in paragraph at lines 100--101
[]\OT1/ptm/m/n/10.95 The proto-symbol space is con-structed by the multi-dimens
ional scal-ing tech-nique (MDS) ([]Schiff-
 []


Overfull \hbox (25.34254pt too wide) in paragraph at lines 121--122
[]\OT1/ptm/m/n/10.95 A new proto-symbol $[]$ is ex-pressed by the lin-ear com-b
i-na-tion of $\OML/ztmcm/m/it/10.95 m$ \OT1/ptm/m/n/10.95 proto-symbols $\OT1/z
tmcm/m/n/10.95 (\OMS/ztmcm/m/n/10.95 P[]\OML/ztmcm/m/it/10.95 ; :::; \OMS/ztmcm
/m/n/10.95 P[]\OT1/ztmcm/m/n/10.95 )$\OT1/ptm/m/n/10.95 .
 []

[96]
Overfull \hbox (11.59225pt too wide) in paragraph at lines 157--160
\OT1/ptm/m/n/10.95 New mo-tion se-quence is gen-er-ated from the new proto-symb
ols by us-ing an av-er-ag-ing method ([]In-
 []

[97]) [98] (C:\GitHub\BidanThesis\includes/cha5_sec3_experiment.tex [99


]
Package epstopdf Info: Source file: <./fig_cha5/pss2.eps>
(epstopdf)                    date: 2013-08-29 14:32:00
(epstopdf)                    size: 12081 bytes
(epstopdf)             Output file: <./fig_cha5/pss2-eps-converted-to.pdf>
(epstopdf)                    date: 2014-07-27 18:55:17
(epstopdf)                    size: 4816 bytes
(epstopdf)             Command: <epstopdf --outfile=./fig_cha5/pss2-eps-convert
ed-to.pdf ./fig_cha5/pss2.eps>
(epstopdf)             \includegraphics on input line 28.
Package epstopdf Info: Output file is already uptodate.

<./fig_cha5/pss2-eps-converted-to.pdf, id=2188, 524.96124pt x 427.5975pt>
File: ./fig_cha5/pss2-eps-converted-to.pdf Graphic file (type pdf)

<use ./fig_cha5/pss2-eps-converted-to.pdf>
<./fig_cha5/demosbox1s.jpg, id=2190, 237.88875pt x 296.60812pt>
File: ./fig_cha5/demosbox1s.jpg Graphic file (type jpg)

<use ./fig_cha5/demosbox1s.jpg>
<./fig_cha5/demosbox3s.jpg, id=2191, 235.63031pt x 298.86656pt>
File: ./fig_cha5/demosbox3s.jpg Graphic file (type jpg)

<use ./fig_cha5/demosbox3s.jpg>
<./fig_cha5/demosbox4s.jpg, id=2192, 235.63031pt x 296.60812pt>
File: ./fig_cha5/demosbox4s.jpg Graphic file (type jpg)

<use ./fig_cha5/demosbox4s.jpg>
<./fig_cha5/demosbox6s.jpg, id=2193, 235.63031pt x 294.34969pt>
File: ./fig_cha5/demosbox6s.jpg Graphic file (type jpg)

<use ./fig_cha5/demosbox6s.jpg>
<./fig_cha5/demopinkbox1s.jpg, id=2194, 251.43938pt x 295.1025pt>
File: ./fig_cha5/demopinkbox1s.jpg Graphic file (type jpg)

<use ./fig_cha5/demopinkbox1s.jpg>
<./fig_cha5/demopinkbox3s.jpg, id=2195, 237.88875pt x 292.84406pt>
File: ./fig_cha5/demopinkbox3s.jpg Graphic file (type jpg)

<use ./fig_cha5/demopinkbox3s.jpg>
<./fig_cha5/demopinkbox4s.jpg, id=2196, 238.64156pt x 292.84406pt>
File: ./fig_cha5/demopinkbox4s.jpg Graphic file (type jpg)

<use ./fig_cha5/demopinkbox4s.jpg>
<./fig_cha5/demopinkbox6s.jpg, id=2197, 230.36063pt x 291.33844pt>
File: ./fig_cha5/demopinkbox6s.jpg Graphic file (type jpg)

<use ./fig_cha5/demopinkbox6s.jpg>
Overfull \hbox (42.16739pt too wide) in paragraph at lines 41--51
 [][][][][][][][] 
 []


Overfull \hbox (46.15031pt too wide) in paragraph at lines 41--51
 [][][][][][][][] 
 []

[100 <C:/GitHub/BidanThesis/fig_cha5/pss2-eps-converted-to.pdf>] [101 <C:/GitHu
b/BidanThesis/fig_cha5/demosbox1s.jpg> <C:/GitHub/BidanThesis/fig_cha5/demosbox
3s.jpg> <C:/GitHub/BidanThesis/fig_cha5/demosbox4s.jpg> <C:/GitHub/BidanThesis/
fig_cha5/demosbox6s.jpg> <C:/GitHub/BidanThesis/fig_cha5/demopinkbox1s.jpg (PNG
 copy)> <C:/GitHub/BidanThesis/fig_cha5/demopinkbox3s.jpg> <C:/GitHub/BidanThes
is/fig_cha5/demopinkbox4s.jpg> <C:/GitHub/BidanThesis/fig_cha5/demopinkbox6s.jp
g>]
Package epstopdf Info: Source file: <./fig_cha5/regression_size.eps>
(epstopdf)                    date: 2013-08-29 12:41:26
(epstopdf)                    size: 11992 bytes
(epstopdf)             Output file: <./fig_cha5/regression_size-eps-converted-t
o.pdf>
(epstopdf)                    date: 2014-07-27 18:55:19
(epstopdf)                    size: 5731 bytes
(epstopdf)             Command: <epstopdf --outfile=./fig_cha5/regression_size-
eps-converted-to.pdf ./fig_cha5/regression_size.eps>
(epstopdf)             \includegraphics on input line 80.
Package epstopdf Info: Output file is already uptodate.

<./fig_cha5/regression_size-eps-converted-to.pdf, id=2222, 421.575pt x 317.185p
t>
File: ./fig_cha5/regression_size-eps-converted-to.pdf Graphic file (type pdf)
 <use ./fig_cha5/regression_size-eps-converted-to.pdf> [102]
<./fig_cha5/icub27box1_crop.jpg, id=2232, 136.25906pt x 135.50626pt>
File: ./fig_cha5/icub27box1_crop.jpg Graphic file (type jpg)

<use ./fig_cha5/icub27box1_crop.jpg>
<./fig_cha5/icub27box2_crop.jpg, id=2233, 135.50626pt x 136.25906pt>
File: ./fig_cha5/icub27box2_crop.jpg Graphic file (type jpg)

<use ./fig_cha5/icub27box2_crop.jpg>
<./fig_cha5/icub27box3_crop.jpg, id=2234, 135.50626pt x 135.50626pt>
File: ./fig_cha5/icub27box3_crop.jpg Graphic file (type jpg)

<use ./fig_cha5/icub27box3_crop.jpg>
<./fig_cha5/icub27box4_crop.jpg, id=2235, 135.50626pt x 135.50626pt>
File: ./fig_cha5/icub27box4_crop.jpg Graphic file (type jpg)

<use ./fig_cha5/icub27box4_crop.jpg>
Overfull \hbox (42.16739pt too wide) in paragraph at lines 110--114
[][][][][][][][] 
 []

<./fig_cha5/icub30box1_crop.jpg, id=2236, 135.50626pt x 135.50626pt>
File: ./fig_cha5/icub30box1_crop.jpg Graphic file (type jpg)

<use ./fig_cha5/icub30box1_crop.jpg>
<./fig_cha5/icub30box2_crop.jpg, id=2237, 135.50626pt x 135.50626pt>
File: ./fig_cha5/icub30box2_crop.jpg Graphic file (type jpg)

<use ./fig_cha5/icub30box2_crop.jpg>
<./fig_cha5/icub30box3_crop.jpg, id=2238, 135.50626pt x 136.25906pt>
File: ./fig_cha5/icub30box3_crop.jpg Graphic file (type jpg)

<use ./fig_cha5/icub30box3_crop.jpg>
<./fig_cha5/icub30box4_crop.jpg, id=2239, 135.50626pt x 136.25906pt>
File: ./fig_cha5/icub30box4_crop.jpg Graphic file (type jpg)

<use ./fig_cha5/icub30box4_crop.jpg>
Overfull \hbox (43.30531pt too wide) in paragraph at lines 118--122
[][][][][][][][] 
 []

<./fig_cha5/icub35box1_crop.jpg, id=2240, 136.25906pt x 135.50626pt>
File: ./fig_cha5/icub35box1_crop.jpg Graphic file (type jpg)

<use ./fig_cha5/icub35box1_crop.jpg>
<./fig_cha5/icub35box2_crop.jpg, id=2241, 135.50626pt x 135.50626pt>
File: ./fig_cha5/icub35box2_crop.jpg Graphic file (type jpg)

<use ./fig_cha5/icub35box2_crop.jpg>
<./fig_cha5/icub35box3_crop.jpg, id=2242, 135.50626pt x 135.50626pt>
File: ./fig_cha5/icub35box3_crop.jpg Graphic file (type jpg)

<use ./fig_cha5/icub35box3_crop.jpg>
<./fig_cha5/icub35box4_crop.jpg, id=2243, 136.25906pt x 135.50626pt>
File: ./fig_cha5/icub35box4_crop.jpg Graphic file (type jpg)

<use ./fig_cha5/icub35box4_crop.jpg>
Overfull \hbox (43.30531pt too wide) in paragraph at lines 126--130
[][][][][][][][] 
 []

<./fig_cha5/icub40box1_crop.jpg, id=2244, 135.50626pt x 136.25906pt>
File: ./fig_cha5/icub40box1_crop.jpg Graphic file (type jpg)

<use ./fig_cha5/icub40box1_crop.jpg>
<./fig_cha5/icub40box2_crop.jpg, id=2245, 135.50626pt x 135.50626pt>
File: ./fig_cha5/icub40box2_crop.jpg Graphic file (type jpg)

<use ./fig_cha5/icub40box2_crop.jpg>
<./fig_cha5/icub40box3_crop.jpg, id=2246, 135.50626pt x 136.25906pt>
File: ./fig_cha5/icub40box3_crop.jpg Graphic file (type jpg)

<use ./fig_cha5/icub40box3_crop.jpg>
<./fig_cha5/icub40box4_crop.jpg, id=2247, 135.50626pt x 136.25906pt>
File: ./fig_cha5/icub40box4_crop.jpg Graphic file (type jpg)

<use ./fig_cha5/icub40box4_crop.jpg>
Overfull \hbox (43.30531pt too wide) in paragraph at lines 134--138
[][][][][][][][] 
 []

Package epstopdf Info: Source file: <./fig_cha5/joint_sbox_adj.eps>
(epstopdf)                    date: 2013-08-29 06:14:13
(epstopdf)                    size: 12065 bytes
(epstopdf)             Output file: <./fig_cha5/joint_sbox_adj-eps-converted-to
.pdf>
(epstopdf)                    date: 2014-07-27 18:56:20
(epstopdf)                    size: 5690 bytes
(epstopdf)             Command: <epstopdf --outfile=./fig_cha5/joint_sbox_adj-e
ps-converted-to.pdf ./fig_cha5/joint_sbox_adj.eps>
(epstopdf)             \includegraphics on input line 153.
Package epstopdf Info: Output file is already uptodate.

<./fig_cha5/joint_sbox_adj-eps-converted-to.pdf, id=2249, 421.575pt x 317.185pt
>
File: ./fig_cha5/joint_sbox_adj-eps-converted-to.pdf Graphic file (type pdf)
 <use ./fig_cha5/joint_sbox_adj-eps-converted-to.pdf>
Package epstopdf Info: Source file: <./fig_cha5/joint_ssbox_high356.eps>
(epstopdf)                    date: 2013-08-29 06:17:42
(epstopdf)                    size: 12006 bytes
(epstopdf)             Output file: <./fig_cha5/joint_ssbox_high356-eps-convert
ed-to.pdf>
(epstopdf)                    date: 2014-07-27 18:56:21
(epstopdf)                    size: 5136 bytes
(epstopdf)             Command: <epstopdf --outfile=./fig_cha5/joint_ssbox_high
356-eps-converted-to.pdf ./fig_cha5/joint_ssbox_high356.eps>
(epstopdf)             \includegraphics on input line 154.
Package epstopdf Info: Output file is already uptodate.

<./fig_cha5/joint_ssbox_high356-eps-converted-to.pdf, id=2250, 421.575pt x 317.
185pt>
File: ./fig_cha5/joint_ssbox_high356-eps-converted-to.pdf Graphic file (type pd
f)
 <use ./fig_cha5/joint_ssbox_high356-eps-converted-to.pdf>
Overfull \hbox (43.30531pt too wide) in paragraph at lines 153--155
 [][][][] 
 []


Overfull \hbox (21.74792pt too wide) in paragraph at lines 160--161
[]\OT1/ptm/m/n/10.95 With the learned cor-re-la-tion, we query the mix-ing co-e
f-fi-cients for four dif-fer-ent un-demonstrated
 []

Package epstopdf Info: Source file: <./fig_cha5/regression_high.eps>
(epstopdf)                    date: 2013-08-29 13:39:36
(epstopdf)                    size: 11795 bytes
(epstopdf)             Output file: <./fig_cha5/regression_high-eps-converted-t
o.pdf>
(epstopdf)                    date: 2014-07-27 18:56:22
(epstopdf)                    size: 5590 bytes
(epstopdf)             Command: <epstopdf --outfile=./fig_cha5/regression_high-
eps-converted-to.pdf ./fig_cha5/regression_high.eps>
(epstopdf)             \includegraphics on input line 181.
Package epstopdf Info: Output file is already uptodate.

<./fig_cha5/regression_high-eps-converted-to.pdf, id=2254, 421.575pt x 317.185p
t>
File: ./fig_cha5/regression_high-eps-converted-to.pdf Graphic file (type pdf)
 <use ./fig_cha5/regression_high-eps-converted-to.pdf>
<./fig_cha5/sbox_high356_ssbox_adj_005_095_1.jpg, id=2255, 210.03468pt x 194.97
844pt>
File: ./fig_cha5/sbox_high356_ssbox_adj_005_095_1.jpg Graphic file (type jpg)
 <use ./fig_cha5/sbox_high356_ssbox_adj_005_095_1.jpg>
<./fig_cha5/sbox_high356_ssbox_adj_005_095_2.jpg, id=2256, 210.03468pt x 194.97
844pt>
File: ./fig_cha5/sbox_high356_ssbox_adj_005_095_2.jpg Graphic file (type jpg)
 <use ./fig_cha5/sbox_high356_ssbox_adj_005_095_2.jpg>
<./fig_cha5/sbox_high356_ssbox_adj_005_095_3.jpg, id=2257, 210.03468pt x 194.97
844pt>
File: ./fig_cha5/sbox_high356_ssbox_adj_005_095_3.jpg Graphic file (type jpg)
 <use ./fig_cha5/sbox_high356_ssbox_adj_005_095_3.jpg>
<./fig_cha5/sbox_high356_ssbox_adj_005_095_4.jpg, id=2258, 210.03468pt x 194.97
844pt>
File: ./fig_cha5/sbox_high356_ssbox_adj_005_095_4.jpg Graphic file (type jpg)
 <use ./fig_cha5/sbox_high356_ssbox_adj_005_095_4.jpg>
Overfull \hbox (43.30531pt too wide) in paragraph at lines 207--211
[][][][][][][][] 
 []


<./fig_cha5/sbox_high356_ssbox_adj_167_833_1.jpg, id=2259, 212.29312pt x 196.48
407pt>
File: ./fig_cha5/sbox_high356_ssbox_adj_167_833_1.jpg Graphic file (type jpg)
 <use ./fig_cha5/sbox_high356_ssbox_adj_167_833_1.jpg>
<./fig_cha5/sbox_high356_ssbox_adj_167_833_2.jpg, id=2260, 212.29312pt x 196.48
407pt>
File: ./fig_cha5/sbox_high356_ssbox_adj_167_833_2.jpg Graphic file (type jpg)
 <use ./fig_cha5/sbox_high356_ssbox_adj_167_833_2.jpg>
<./fig_cha5/sbox_high356_ssbox_adj_167_833_3.jpg, id=2261, 210.7875pt x 196.484
07pt>
File: ./fig_cha5/sbox_high356_ssbox_adj_167_833_3.jpg Graphic file (type jpg)
 <use ./fig_cha5/sbox_high356_ssbox_adj_167_833_3.jpg>
<./fig_cha5/sbox_high356_ssbox_adj_167_833_4.jpg, id=2262, 211.54031pt x 197.23
688pt>
File: ./fig_cha5/sbox_high356_ssbox_adj_167_833_4.jpg Graphic file (type jpg)
 <use ./fig_cha5/sbox_high356_ssbox_adj_167_833_4.jpg>
Overfull \hbox (43.30531pt too wide) in paragraph at lines 215--219
[][][][][][][][] 
 []


<./fig_cha5/sbox_high356_ssbox_adj_433_567_1.jpg, id=2263, 211.54031pt x 194.22
563pt>
File: ./fig_cha5/sbox_high356_ssbox_adj_433_567_1.jpg Graphic file (type jpg)
 <use ./fig_cha5/sbox_high356_ssbox_adj_433_567_1.jpg>
<./fig_cha5/sbox_high356_ssbox_adj_433_567_2.jpg, id=2264, 211.54031pt x 194.22
563pt>
File: ./fig_cha5/sbox_high356_ssbox_adj_433_567_2.jpg Graphic file (type jpg)
 <use ./fig_cha5/sbox_high356_ssbox_adj_433_567_2.jpg>
<./fig_cha5/sbox_high356_ssbox_adj_433_567_3.jpg, id=2265, 211.54031pt x 194.22
563pt>
File: ./fig_cha5/sbox_high356_ssbox_adj_433_567_3.jpg Graphic file (type jpg)
 <use ./fig_cha5/sbox_high356_ssbox_adj_433_567_3.jpg>
<./fig_cha5/sbox_high356_ssbox_adj_433_567_4.jpg, id=2266, 211.54031pt x 194.22
563pt>
File: ./fig_cha5/sbox_high356_ssbox_adj_433_567_4.jpg Graphic file (type jpg)
 <use ./fig_cha5/sbox_high356_ssbox_adj_433_567_4.jpg>
Overfull \hbox (43.30531pt too wide) in paragraph at lines 223--227
[][][][][][][][] 
 []


<./fig_cha5/sbox_high356_ssbox_adj_667_333_1.jpg, id=2267, 211.54031pt x 195.73
125pt>
File: ./fig_cha5/sbox_high356_ssbox_adj_667_333_1.jpg Graphic file (type jpg)
 <use ./fig_cha5/sbox_high356_ssbox_adj_667_333_1.jpg>
<./fig_cha5/sbox_high356_ssbox_adj_667_333_2.jpg, id=2268, 211.54031pt x 195.73
125pt>
File: ./fig_cha5/sbox_high356_ssbox_adj_667_333_2.jpg Graphic file (type jpg)
 <use ./fig_cha5/sbox_high356_ssbox_adj_667_333_2.jpg>
<./fig_cha5/sbox_high356_ssbox_adj_667_333_3.jpg, id=2269, 211.54031pt x 194.97
844pt>
File: ./fig_cha5/sbox_high356_ssbox_adj_667_333_3.jpg Graphic file (type jpg)
 <use ./fig_cha5/sbox_high356_ssbox_adj_667_333_3.jpg>
<./fig_cha5/sbox_high356_ssbox_adj_667_333_4.jpg, id=2270, 218.31563pt x 194.97
844pt>
File: ./fig_cha5/sbox_high356_ssbox_adj_667_333_4.jpg Graphic file (type jpg)
 <use ./fig_cha5/sbox_high356_ssbox_adj_667_333_4.jpg>
Overfull \hbox (46.71992pt too wide) in paragraph at lines 231--235
[][][][][][][][] 
 []

) [103 <C:/GitHub/BidanThesis/fig_cha5/regression_size-eps-converted-to.pdf>]
[104 <C:/GitHub/BidanThesis/fig_cha5/icub27box1_crop.jpg> <C:/GitHub/BidanThesi
s/fig_cha5/icub27box2_crop.jpg> <C:/GitHub/BidanThesis/fig_cha5/icub27box3_crop
.jpg> <C:/GitHub/BidanThesis/fig_cha5/icub27box4_crop.jpg> <C:/GitHub/BidanThes
is/fig_cha5/icub30box1_crop.jpg> <C:/GitHub/BidanThesis/fig_cha5/icub30box2_cro
p.jpg> <C:/GitHub/BidanThesis/fig_cha5/icub30box3_crop.jpg> <C:/GitHub/BidanThe
sis/fig_cha5/icub30box4_crop.jpg> <C:/GitHub/BidanThesis/fig_cha5/icub35box1_cr
op.jpg> <C:/GitHub/BidanThesis/fig_cha5/icub35box2_crop.jpg> <C:/GitHub/BidanTh
esis/fig_cha5/icub35box3_crop.jpg> <C:/GitHub/BidanThesis/fig_cha5/icub35box4_c
rop.jpg> <C:/GitHub/BidanThesis/fig_cha5/icub40box1_crop.jpg> <C:/GitHub/BidanT
hesis/fig_cha5/icub40box2_crop.jpg> <C:/GitHub/BidanThesis/fig_cha5/icub40box3_
crop.jpg> <C:/GitHub/BidanThesis/fig_cha5/icub40box4_crop.jpg>] [105 <C:/GitHub
/BidanThesis/fig_cha5/joint_sbox_adj-eps-converted-to.pdf> <C:/GitHub/BidanThes
is/fig_cha5/joint_ssbox_high356-eps-converted-to.pdf>] [106 <C:/GitHub/BidanThe
sis/fig_cha5/regression_high-eps-converted-to.pdf>] [107 <C:/GitHub/BidanThesis
/fig_cha5/sbox_high356_ssbox_adj_005_095_1.jpg> <C:/GitHub/BidanThesis/fig_cha5
/sbox_high356_ssbox_adj_005_095_2.jpg> <C:/GitHub/BidanThesis/fig_cha5/sbox_hig
h356_ssbox_adj_005_095_3.jpg> <C:/GitHub/BidanThesis/fig_cha5/sbox_high356_ssbo
x_adj_005_095_4.jpg> <C:/GitHub/BidanThesis/fig_cha5/sbox_high356_ssbox_adj_167
_833_1.jpg> <C:/GitHub/BidanThesis/fig_cha5/sbox_high356_ssbox_adj_167_833_2.jp
g> <C:/GitHub/BidanThesis/fig_cha5/sbox_high356_ssbox_adj_167_833_3.jpg> <C:/Gi
tHub/BidanThesis/fig_cha5/sbox_high356_ssbox_adj_167_833_4.jpg> <C:/GitHub/Bida
nThesis/fig_cha5/sbox_high356_ssbox_adj_433_567_1.jpg> <C:/GitHub/BidanThesis/f
ig_cha5/sbox_high356_ssbox_adj_433_567_2.jpg> <C:/GitHub/BidanThesis/fig_cha5/s
box_high356_ssbox_adj_433_567_3.jpg> <C:/GitHub/BidanThesis/fig_cha5/sbox_high3
56_ssbox_adj_433_567_4.jpg> <C:/GitHub/BidanThesis/fig_cha5/sbox_high356_ssbox_
adj_667_333_1.jpg> <C:/GitHub/BidanThesis/fig_cha5/sbox_high356_ssbox_adj_667_3
33_2.jpg> <C:/GitHub/BidanThesis/fig_cha5/sbox_high356_ssbox_adj_667_333_3.jpg>
 <C:/GitHub/BidanThesis/fig_cha5/sbox_high356_ssbox_adj_667_333_4.jpg>]
(C:\GitHub\BidanThesis\includes/cha5_sec4_discussion.tex) [108


])
(C:\GitHub\BidanThesis\myThesis_01.bbl [109


] [110] [111] [112] [113] [114]
[115] [116] [117] [118] [119]
Missing character: There is no  in font ptmr7t!
Missing character: There is no  in font ptmr7t!
 [120] [121])

Package natbib Warning: There were undefined citations.

Package atveryend Info: Empty hook `BeforeClearDocument' on input line 65.
[122]
Package atveryend Info: Empty hook `AfterLastShipout' on input line 65.
 (C:\GitHub\BidanThesis\myThesis_01.aux
(C:\GitHub\BidanThesis\includes/cha5_sec2_method.aux)
(C:\GitHub\BidanThesis\includes/cha5_sec3_experiment.aux)
(C:\GitHub\BidanThesis\includes/cha5_sec4_discussion.aux))
Package atveryend Info: Executing hook `AtVeryEndDocument' on input line 65.
Package rerunfilecheck Info: File `myThesis_01.out' has not changed.
(rerunfilecheck)             Checksum: 168259FEA047A2FEC35EFEA7FAF811A1;4344.


LaTeX Warning: There were multiply-defined labels.

 ) 
Here is how much of TeX's memory you used:
 10603 strings out of 495285
 177690 string characters out of 3179827
 251602 words of memory out of 3000000
 12704 multiletter control sequences out of 15000+200000
 57594 words of font info for 120 fonts, out of 3000000 for 9000
 14 hyphenation exceptions out of 8191
 41i,17n,47p,2005b,714s stack positions out of 5000i,500n,10000p,200000b,50000s
pdfTeX warning (dest): name{algorithm.2} has been referenced but does not exi
st, replaced by a fixed one

pdfTeX warning (dest): name{algorithm.1} has been referenced but does not exist
, replaced by a fixed one

pdfTeX warning (dest): name{Hfootnote.4} has been referenced but does not exist
, replaced by a fixed one

{C:/Program Files (x86)/MiKTeX 2.8/fonts/enc/dvips/fontname/8r.enc}<C:/Program 
Files (x86)/MiKTeX 2.8/fonts/type1/public/amsfonts/cm/cmex10.pfb><C:/Program Fi
les (x86)/MiKTeX 2.8/fonts/type1/public/amsfonts/cm/cmmi10.pfb><C:/Program File
s (x86)/MiKTeX 2.8/fonts/type1/public/amsfonts/cm/cmr10.pfb><C:/Program Files (
x86)/MiKTeX 2.8/fonts/type1/public/amsfonts/cm/cmsy10.pfb><C:/Program Files (x8
6)/MiKTeX 2.8/fonts/type1/hoekwater/rsfs/rsfs10.pfb><C:/Program Files (x86)/MiK
TeX 2.8/fonts/type1/urw/symbol/usyr.pfb><C:/Program Files (x86)/MiKTeX 2.8/font
s/type1/urw/symbol/usyr.pfb><C:/Program Files (x86)/MiKTeX 2.8/fonts/type1/urw/
times/utmb8a.pfb><C:/Program Files (x86)/MiKTeX 2.8/fonts/type1/urw/times/utmbi
8a.pfb><C:/Program Files (x86)/MiKTeX 2.8/fonts/type1/urw/times/utmr8a.pfb><C:/
Program Files (x86)/MiKTeX 2.8/fonts/type1/urw/times/utmri8a.pfb>
Output written on myThesis_01.pdf (126 pages, 13636456 bytes).
PDF statistics:
 2584 PDF objects out of 2984 (max. 8388607)
 633 named destinations out of 1000 (max. 500000)
 1298 words of extra memory for PDF output out of 10000 (max. 10000000)

