\BOOKMARK [0][-]{chapter.1}{Introduction}{}% 1
\BOOKMARK [1][-]{section.1.1}{Existing modular approaches}{chapter.1}% 2
\BOOKMARK [1][-]{section.1.2}{Our modular approach in robot grasping and manipulation}{chapter.1}% 3
\BOOKMARK [1][-]{section.1.3}{Organization of the thesis}{chapter.1}% 4
\BOOKMARK [0][-]{chapter.2}{Related work}{}% 5
\BOOKMARK [1][-]{section.2.1}{A review of robot grasping and manipulation}{chapter.2}% 6
\BOOKMARK [2][-]{subsection.2.1.1}{Robot grasp planning}{section.2.1}% 7
\BOOKMARK [2][-]{subsection.2.1.2}{Robot Manipulation}{section.2.1}% 8
\BOOKMARK [2][-]{subsection.2.1.3}{Reaching motion planning}{section.2.1}% 9
\BOOKMARK [1][-]{section.2.2}{A review of imitation learning}{chapter.2}% 10
\BOOKMARK [2][-]{subsection.2.2.1}{Robot imitation learning}{section.2.2}% 11
\BOOKMARK [2][-]{subsection.2.2.2}{Robot learning grasping and manipulation }{section.2.2}% 12
\BOOKMARK [1][-]{section.2.3}{A review of modular approaches}{chapter.2}% 13
\BOOKMARK [2][-]{subsection.2.3.1}{Modular approaches in cognitive science}{section.2.3}% 14
\BOOKMARK [2][-]{subsection.2.3.2}{Modular approaches in control}{section.2.3}% 15
\BOOKMARK [2][-]{subsection.2.3.3}{Modular approaches in robotics}{section.2.3}% 16
\BOOKMARK [2][-]{subsection.2.3.4}{Grasping and manipulation by modular approaches}{section.2.3}% 17
\BOOKMARK [0][-]{chapter.3}{Modular approach in grasp planning}{}% 18
\BOOKMARK [1][-]{section.3.1}{Introduction}{chapter.3}% 19
\BOOKMARK [1][-]{section.3.2}{Fast grasp planning for familiar objects}{chapter.3}% 20
\BOOKMARK [2][-]{subsection.3.2.1}{Grasp generation given the hand kinematics}{section.3.2}% 21
\BOOKMARK [2][-]{subsection.3.2.2}{Model learning}{section.3.2}% 22
\BOOKMARK [2][-]{subsection.3.2.3}{Grasp Planning}{section.3.2}% 23
\BOOKMARK [1][-]{section.3.3}{Experiments of planning grasps for familiar objects}{chapter.3}% 24
\BOOKMARK [1][-]{section.3.4}{Grasping novel objects based on familiar parts}{chapter.3}% 25
\BOOKMARK [2][-]{subsection.3.4.1}{Combine grasp distribution of shape primitives}{section.3.4}% 26
\BOOKMARK [2][-]{subsection.3.4.2}{Plan Grasp by combined grasp distribution}{section.3.4}% 27
\BOOKMARK [1][-]{section.3.5}{Experiments of planning grasps for non-familiar objects}{chapter.3}% 28
\BOOKMARK [1][-]{section.3.6}{Discussion}{chapter.3}% 29
\BOOKMARK [0][-]{chapter.4}{Learning human manipulation skill}{}% 30
\BOOKMARK [1][-]{section.4.1}{Introduction}{chapter.4}% 31
\BOOKMARK [1][-]{section.4.2}{Modular approach in manipulation}{chapter.4}% 32
\BOOKMARK [2][-]{subsection.4.2.1}{Human demonstrating tasks with direct contact to objects}{section.4.2}% 33
\BOOKMARK [2][-]{subsection.4.2.2}{Learning a Multiple-Module Model}{section.4.2}% 34
\BOOKMARK [2][-]{subsection.4.2.3}{Multiple modular adaptive control}{section.4.2}% 35
\BOOKMARK [1][-]{section.4.3}{Experiment on a opening bottle cap task}{chapter.4}% 36
\BOOKMARK [2][-]{subsection.4.3.1}{Human demonstration and experimental setup}{section.4.3}% 37
\BOOKMARK [2][-]{subsection.4.3.2}{Data Analysis}{section.4.3}% 38
\BOOKMARK [2][-]{subsection.4.3.3}{Learning Modules}{section.4.3}% 39
\BOOKMARK [2][-]{subsection.4.3.4}{Generating motor command for manipulation}{section.4.3}% 40
\BOOKMARK [2][-]{subsection.4.3.5}{Experiment results}{section.4.3}% 41
\BOOKMARK [1][-]{section.4.4}{Discussion}{chapter.4}% 42
\BOOKMARK [0][-]{chapter.5}{Learning Motion Primitive for manipulation tasks}{}% 43
\BOOKMARK [1][-]{section.5.1}{Introduction}{chapter.5}% 44
\BOOKMARK [1][-]{section.5.2}{Learning by mimesis model}{chapter.5}% 45
\BOOKMARK [2][-]{subsection.5.2.1}{Human demonstration of motion primitives}{section.5.2}% 46
\BOOKMARK [2][-]{subsection.5.2.2}{Motion symbolization}{section.5.2}% 47
\BOOKMARK [2][-]{subsection.5.2.3}{Motion interpolation}{section.5.2}% 48
\BOOKMARK [2][-]{subsection.5.2.4}{Motion generation}{section.5.2}% 49
\BOOKMARK [2][-]{subsection.5.2.5}{Learning motion effects}{section.5.2}% 50
\BOOKMARK [1][-]{section.5.3}{Experiment of learning motion primitives}{chapter.5}% 51
\BOOKMARK [2][-]{subsection.5.3.1}{Grasping different sizes boxes}{section.5.3}% 52
\BOOKMARK [2][-]{subsection.5.3.2}{Grasping boxes from different positions}{section.5.3}% 53
\BOOKMARK [1][-]{section.5.4}{Discussion}{chapter.5}% 54
